./libdoipserver/include/DoIPServer.h:0:  No copyright message found.  You should have a line: "Copyright [year] <Copyright Owner>"  [legal/copyright] [5]
./libdoipserver/include/DoIPServer.h:1:  #ifndef header guard has wrong style, please use: LIBDOIP_LIBDOIPSERVER_INCLUDE_DOIPSERVER_H_  [build/header_guard] [5]
./libdoipserver/include/DoIPServer.h:76:  #endif line should be "#endif  // LIBDOIP_LIBDOIPSERVER_INCLUDE_DOIPSERVER_H_"  [build/header_guard] [5]
./libdoipserver/include/DoIPServer.h:5:  Found C system header after C++ system header. Should be: DoIPServer.h, c system, c++ system, other.  [build/include_order] [4]
./libdoipserver/include/DoIPServer.h:6:  Found C system header after C++ system header. Should be: DoIPServer.h, c system, c++ system, other.  [build/include_order] [4]
./libdoipserver/include/DoIPServer.h:7:  Found C system header after C++ system header. Should be: DoIPServer.h, c system, c++ system, other.  [build/include_order] [4]
./libdoipserver/include/DoIPServer.h:8:  Found C system header after C++ system header. Should be: DoIPServer.h, c system, c++ system, other.  [build/include_order] [4]
./libdoipserver/include/DoIPServer.h:9:  Found C system header after C++ system header. Should be: DoIPServer.h, c system, c++ system, other.  [build/include_order] [4]
./libdoipserver/include/DoIPServer.h:10:  Found C system header after C++ system header. Should be: DoIPServer.h, c system, c++ system, other.  [build/include_order] [4]
./libdoipserver/include/DoIPServer.h:11:  Found C system header after C++ system header. Should be: DoIPServer.h, c system, c++ system, other.  [build/include_order] [4]
./libdoipserver/include/DoIPServer.h:25:  Should have a space between // and comment  [whitespace/comments] [4]
./libdoipserver/include/DoIPServer.h:26:  Should have a space between // and comment  [whitespace/comments] [4]
./libdoipserver/include/DoIPServer.h:29:  Redundant blank line at the start of a code block should be deleted.  [whitespace/blank_line] [2]
./libdoipserver/include/DoIPServer.h:30:  public: should be indented +1 space inside class DoIPServer  [whitespace/indent] [3]
./libdoipserver/include/DoIPServer.h:32:  Line ends in whitespace.  Consider deleting these extra spaces.  [whitespace/end_of_line] [4]
./libdoipserver/include/DoIPServer.h:40:  Line ends in whitespace.  Consider deleting these extra spaces.  [whitespace/end_of_line] [4]
./libdoipserver/include/DoIPServer.h:45:  Use int16/int64/etc, rather than the C type short  [runtime/int] [4]
./libdoipserver/include/DoIPServer.h:50:  Line ends in whitespace.  Consider deleting these extra spaces.  [whitespace/end_of_line] [4]
./libdoipserver/include/DoIPServer.h:52:  private: should be indented +1 space inside class DoIPServer  [whitespace/indent] [3]
./libdoipserver/include/DoIPServer.h:53:  Do not leave a blank line after "private:"  [whitespace/blank_line] [3]
./libdoipserver/include/DoIPServer.h:59:  Use int16/int64/etc, rather than the C type short  [runtime/int] [4]
./libdoipserver/include/DoIPServer.h:60:  Extra space before [  [whitespace/braces] [5]
./libdoipserver/include/DoIPServer.h:61:  Extra space before [  [whitespace/braces] [5]
./libdoipserver/include/DoIPServer.h:63:  Line ends in whitespace.  Consider deleting these extra spaces.  [whitespace/end_of_line] [4]
./libdoipserver/include/DoIPServer.h:64:  Should have a space between // and comment  [whitespace/comments] [4]
./libdoipserver/include/DoIPServer.h:65:  At least two spaces is best between code and comments  [whitespace/comments] [2]
./libdoipserver/include/DoIPServer.h:65:  Should have a space between // and comment  [whitespace/comments] [4]
./libdoipserver/include/DoIPServer.h:66:  Line ends in whitespace.  Consider deleting these extra spaces.  [whitespace/end_of_line] [4]
./libdoipserver/include/DoIPServer.h:68:  Line ends in whitespace.  Consider deleting these extra spaces.  [whitespace/end_of_line] [4]
./libdoipserver/include/DoIPServer.h:70:  Line ends in whitespace.  Consider deleting these extra spaces.  [whitespace/end_of_line] [4]
./libdoipserver/include/DoIPServer.h:72:  Line ends in whitespace.  Consider deleting these extra spaces.  [whitespace/end_of_line] [4]
./libdoipserver/include/DoIPServer.h:58:  Add #include <string> for string  [build/include_what_you_use] [4]
./libdoipserver/include/DoIPServer.h:76:  Could not find a newline character at the end of the file.  [whitespace/ending_newline] [5]
Done processing ./libdoipserver/include/DoIPServer.h
Total errors found: 33
