./libdoipserver/include/DoIPConnection.h:0:  No copyright message found.  You should have a line: "Copyright [year] <Copyright Owner>"  [legal/copyright] [5]
./libdoipserver/include/DoIPConnection.h:1:  #ifndef header guard has wrong style, please use: LIBDOIP_LIBDOIPSERVER_INCLUDE_DOIPCONNECTION_H_  [build/header_guard] [5]
./libdoipserver/include/DoIPConnection.h:65:  #endif line should be "#endif  // LIBDOIP_LIBDOIPSERVER_INCLUDE_DOIPCONNECTION_H_"  [build/header_guard] [5]
./libdoipserver/include/DoIPConnection.h:5:  Found C system header after C++ system header. Should be: DoIPConnection.h, c system, c++ system, other.  [build/include_order] [4]
./libdoipserver/include/DoIPConnection.h:6:  Found C system header after C++ system header. Should be: DoIPConnection.h, c system, c++ system, other.  [build/include_order] [4]
./libdoipserver/include/DoIPConnection.h:7:  Found C system header after C++ system header. Should be: DoIPConnection.h, c system, c++ system, other.  [build/include_order] [4]
./libdoipserver/include/DoIPConnection.h:8:  Found C system header after C++ system header. Should be: DoIPConnection.h, c system, c++ system, other.  [build/include_order] [4]
./libdoipserver/include/DoIPConnection.h:9:  Found C system header after C++ system header. Should be: DoIPConnection.h, c system, c++ system, other.  [build/include_order] [4]
./libdoipserver/include/DoIPConnection.h:10:  Found C system header after C++ system header. Should be: DoIPConnection.h, c system, c++ system, other.  [build/include_order] [4]
./libdoipserver/include/DoIPConnection.h:11:  Found C system header after C++ system header. Should be: DoIPConnection.h, c system, c++ system, other.  [build/include_order] [4]
./libdoipserver/include/DoIPConnection.h:22:  Use int16/int64/etc, rather than the C type long  [runtime/int] [4]
./libdoipserver/include/DoIPConnection.h:25:  Redundant blank line at the start of a code block should be deleted.  [whitespace/blank_line] [2]
./libdoipserver/include/DoIPConnection.h:26:  public: should be indented +1 space inside class DoIPConnection  [whitespace/indent] [3]
./libdoipserver/include/DoIPConnection.h:27:  Line ends in whitespace.  Consider deleting these extra spaces.  [whitespace/end_of_line] [4]
./libdoipserver/include/DoIPConnection.h:27:  Use int16/int64/etc, rather than the C type short  [runtime/int] [4]
./libdoipserver/include/DoIPConnection.h:28:  You don't need a ; after a }  [readability/braces] [4]
./libdoipserver/include/DoIPConnection.h:29:  Line ends in whitespace.  Consider deleting these extra spaces.  [whitespace/end_of_line] [4]
./libdoipserver/include/DoIPConnection.h:31:  Lines should be <= 80 characters long  [whitespace/line_length] [2]
./libdoipserver/include/DoIPConnection.h:31:  Use int16/int64/etc, rather than the C type long  [runtime/int] [4]
./libdoipserver/include/DoIPConnection.h:33:  Lines should be <= 80 characters long  [whitespace/line_length] [2]
./libdoipserver/include/DoIPConnection.h:33:  Use int16/int64/etc, rather than the C type short  [runtime/int] [4]
./libdoipserver/include/DoIPConnection.h:34:  You don't need a ; after a }  [readability/braces] [4]
./libdoipserver/include/DoIPConnection.h:37:  Line ends in whitespace.  Consider deleting these extra spaces.  [whitespace/end_of_line] [4]
./libdoipserver/include/DoIPConnection.h:38:  Lines should be <= 80 characters long  [whitespace/line_length] [2]
./libdoipserver/include/DoIPConnection.h:38:  Use int16/int64/etc, rather than the C type short  [runtime/int] [4]
./libdoipserver/include/DoIPConnection.h:41:  Line ends in whitespace.  Consider deleting these extra spaces.  [whitespace/end_of_line] [4]
./libdoipserver/include/DoIPConnection.h:41:  Lines should be <= 80 characters long  [whitespace/line_length] [2]
./libdoipserver/include/DoIPConnection.h:42:  Line ends in whitespace.  Consider deleting these extra spaces.  [whitespace/end_of_line] [4]
./libdoipserver/include/DoIPConnection.h:44:  private: should be indented +1 space inside class DoIPConnection  [whitespace/indent] [3]
./libdoipserver/include/DoIPConnection.h:45:  Do not leave a blank line after "private:"  [whitespace/blank_line] [3]
./libdoipserver/include/DoIPConnection.h:54:  Use int16/int64/etc, rather than the C type short  [runtime/int] [4]
./libdoipserver/include/DoIPConnection.h:55:  Line ends in whitespace.  Consider deleting these extra spaces.  [whitespace/end_of_line] [4]
./libdoipserver/include/DoIPConnection.h:58:  Lines should be <= 80 characters long  [whitespace/line_length] [2]
./libdoipserver/include/DoIPConnection.h:58:  Use int16/int64/etc, rather than the C type long  [runtime/int] [4]
./libdoipserver/include/DoIPConnection.h:59:  Line ends in whitespace.  Consider deleting these extra spaces.  [whitespace/end_of_line] [4]
./libdoipserver/include/DoIPConnection.h:61:  Line ends in whitespace.  Consider deleting these extra spaces.  [whitespace/end_of_line] [4]
Done processing ./libdoipserver/include/DoIPConnection.h
Total errors found: 36
