./libdoipserver/src/DoIPConnection.cpp:0:  No copyright message found.  You should have a line: "Copyright [year] <Copyright Owner>"  [legal/copyright] [5]
./libdoipserver/src/DoIPConnection.cpp:31:  Lines should be <= 80 characters long  [whitespace/line_length] [2]
./libdoipserver/src/DoIPConnection.cpp:32:  Missing space before ( in if(  [whitespace/parens] [5]
./libdoipserver/src/DoIPConnection.cpp:34:  Lines should be <= 80 characters long  [whitespace/line_length] [2]
./libdoipserver/src/DoIPConnection.cpp:37:  Missing space before ( in if(  [whitespace/parens] [5]
./libdoipserver/src/DoIPConnection.cpp:38:  Lines should be <= 80 characters long  [whitespace/line_length] [2]
./libdoipserver/src/DoIPConnection.cpp:40:  Lines should be <= 80 characters long  [whitespace/line_length] [2]
./libdoipserver/src/DoIPConnection.cpp:41:  Missing space before ( in if(  [whitespace/parens] [5]
./libdoipserver/src/DoIPConnection.cpp:48:  Lines should be <= 80 characters long  [whitespace/line_length] [2]
./libdoipserver/src/DoIPConnection.cpp:48:  Should have a space between // and comment  [whitespace/comments] [4]
./libdoipserver/src/DoIPConnection.cpp:49:  Missing space before ( in if(  [whitespace/parens] [5]
./libdoipserver/src/DoIPConnection.cpp:53:  Lines should be <= 80 characters long  [whitespace/line_length] [2]
./libdoipserver/src/DoIPConnection.cpp:54:  Line ends in whitespace.  Consider deleting these extra spaces.  [whitespace/end_of_line] [4]
./libdoipserver/src/DoIPConnection.cpp:61:  Line ends in whitespace.  Consider deleting these extra spaces.  [whitespace/end_of_line] [4]
./libdoipserver/src/DoIPConnection.cpp:61:  Redundant blank line at the end of a code block should be deleted.  [whitespace/blank_line] [3]
./libdoipserver/src/DoIPConnection.cpp:73:  Lines should be <= 80 characters long  [whitespace/line_length] [2]
./libdoipserver/src/DoIPConnection.cpp:73:  Use int16/int64/etc, rather than the C type long  [runtime/int] [4]
./libdoipserver/src/DoIPConnection.cpp:74:  Use int16/int64/etc, rather than the C type long  [runtime/int] [4]
./libdoipserver/src/DoIPConnection.cpp:75:  Use int16/int64/etc, rather than the C type long  [runtime/int] [4]
./libdoipserver/src/DoIPConnection.cpp:77:  Missing space before ( in while(  [whitespace/parens] [5]
./libdoipserver/src/DoIPConnection.cpp:78:  Lines should be <= 80 characters long  [whitespace/line_length] [2]
./libdoipserver/src/DoIPConnection.cpp:79:  Missing space before ( in if(  [whitespace/parens] [5]
./libdoipserver/src/DoIPConnection.cpp:94:  Lines should be <= 80 characters long  [whitespace/line_length] [2]
./libdoipserver/src/DoIPConnection.cpp:94:  Use int16/int64/etc, rather than the C type long  [runtime/int] [4]
./libdoipserver/src/DoIPConnection.cpp:95:  Redundant blank line at the start of a code block should be deleted.  [whitespace/blank_line] [2]
./libdoipserver/src/DoIPConnection.cpp:98:  Missing space before ( in switch(  [whitespace/parens] [5]
./libdoipserver/src/DoIPConnection.cpp:100:  Should have a space between // and comment  [whitespace/comments] [4]
./libdoipserver/src/DoIPConnection.cpp:103:  Line ends in whitespace.  Consider deleting these extra spaces.  [whitespace/end_of_line] [4]
./libdoipserver/src/DoIPConnection.cpp:103:  Missing space before ( in if(  [whitespace/parens] [5]
./libdoipserver/src/DoIPConnection.cpp:113:  Should have a space between // and comment  [whitespace/comments] [4]
./libdoipserver/src/DoIPConnection.cpp:115:  Extra space before [  [whitespace/braces] [5]
./libdoipserver/src/DoIPConnection.cpp:117:  Lines should be <= 80 characters long  [whitespace/line_length] [2]
./libdoipserver/src/DoIPConnection.cpp:118:  Lines should be <= 80 characters long  [whitespace/line_length] [2]
./libdoipserver/src/DoIPConnection.cpp:120:  Lines should be <= 80 characters long  [whitespace/line_length] [2]
./libdoipserver/src/DoIPConnection.cpp:120:  Missing space before ( in if(  [whitespace/parens] [5]
./libdoipserver/src/DoIPConnection.cpp:124:  Lines should be <= 80 characters long  [whitespace/line_length] [2]
./libdoipserver/src/DoIPConnection.cpp:124:  Should have a space between // and comment  [whitespace/comments] [4]
./libdoipserver/src/DoIPConnection.cpp:129:  Should have a space between // and comment  [whitespace/comments] [4]
./libdoipserver/src/DoIPConnection.cpp:130:  Missing space before ( in if(  [whitespace/parens] [5]
./libdoipserver/src/DoIPConnection.cpp:131:  Lines should be <= 80 characters long  [whitespace/line_length] [2]
./libdoipserver/src/DoIPConnection.cpp:131:  Missing space after ,  [whitespace/comma] [3]
./libdoipserver/src/DoIPConnection.cpp:144:  Redundant blank line at the start of a code block should be deleted.  [whitespace/blank_line] [2]
./libdoipserver/src/DoIPConnection.cpp:145:  Use int16/int64/etc, rather than the C type short  [runtime/int] [4]
./libdoipserver/src/DoIPConnection.cpp:146:  Use int16/int64/etc, rather than the C type short  [runtime/int] [4]
./libdoipserver/src/DoIPConnection.cpp:147:  Use int16/int64/etc, rather than the C type short  [runtime/int] [4]
./libdoipserver/src/DoIPConnection.cpp:150:  Missing space before ( in if(  [whitespace/parens] [5]
./libdoipserver/src/DoIPConnection.cpp:151:  Lines should be <= 80 characters long  [whitespace/line_length] [2]
./libdoipserver/src/DoIPConnection.cpp:157:  Lines should be <= 80 characters long  [whitespace/line_length] [2]
./libdoipserver/src/DoIPConnection.cpp:160:  Line ends in whitespace.  Consider deleting these extra spaces.  [whitespace/end_of_line] [4]
./libdoipserver/src/DoIPConnection.cpp:165:  Lines should be <= 80 characters long  [whitespace/line_length] [2]
./libdoipserver/src/DoIPConnection.cpp:187:  Missing space before ( in if(  [whitespace/parens] [5]
./libdoipserver/src/DoIPConnection.cpp:200:  Lines should be <= 80 characters long  [whitespace/line_length] [2]
./libdoipserver/src/DoIPConnection.cpp:200:  Use int16/int64/etc, rather than the C type short  [runtime/int] [4]
./libdoipserver/src/DoIPConnection.cpp:201:  Redundant blank line at the start of a code block should be deleted.  [whitespace/blank_line] [2]
./libdoipserver/src/DoIPConnection.cpp:203:  Missing space before ( in for(  [whitespace/parens] [5]
./libdoipserver/src/DoIPConnection.cpp:207:  Line ends in whitespace.  Consider deleting these extra spaces.  [whitespace/end_of_line] [4]
./libdoipserver/src/DoIPConnection.cpp:208:  Line ends in whitespace.  Consider deleting these extra spaces.  [whitespace/end_of_line] [4]
./libdoipserver/src/DoIPConnection.cpp:208:  Lines should be <= 80 characters long  [whitespace/line_length] [2]
./libdoipserver/src/DoIPConnection.cpp:209:  Lines should be <= 80 characters long  [whitespace/line_length] [2]
./libdoipserver/src/DoIPConnection.cpp:218:  Lines should be <= 80 characters long  [whitespace/line_length] [2]
./libdoipserver/src/DoIPConnection.cpp:224:  Lines should be <= 80 characters long  [whitespace/line_length] [2]
./libdoipserver/src/DoIPConnection.cpp:224:  Use int16/int64/etc, rather than the C type short  [runtime/int] [4]
./libdoipserver/src/DoIPConnection.cpp:225:  Lines should be <= 80 characters long  [whitespace/line_length] [2]
./libdoipserver/src/DoIPConnection.cpp:225:  Extra space before [  [whitespace/braces] [5]
./libdoipserver/src/DoIPConnection.cpp:226:  Line ends in whitespace.  Consider deleting these extra spaces.  [whitespace/end_of_line] [4]
./libdoipserver/src/DoIPConnection.cpp:227:  Lines should be <= 80 characters long  [whitespace/line_length] [2]
./libdoipserver/src/DoIPConnection.cpp:237:  Lines should be <= 80 characters long  [whitespace/line_length] [2]
Done processing ./libdoipserver/src/DoIPConnection.cpp
Total errors found: 67
