./libdoipserver/src/DoIPServer.cpp:0:  No copyright message found.  You should have a line: "Copyright [year] <Copyright Owner>"  [legal/copyright] [5]
./libdoipserver/src/DoIPServer.cpp:7:  Redundant blank line at the start of a code block should be deleted.  [whitespace/blank_line] [2]
./libdoipserver/src/DoIPServer.cpp:13:  Line ends in whitespace.  Consider deleting these extra spaces.  [whitespace/end_of_line] [4]
./libdoipserver/src/DoIPServer.cpp:14:  Should have a space between // and comment  [whitespace/comments] [4]
./libdoipserver/src/DoIPServer.cpp:15:  Line ends in whitespace.  Consider deleting these extra spaces.  [whitespace/end_of_line] [4]
./libdoipserver/src/DoIPServer.cpp:15:  Lines should be <= 80 characters long  [whitespace/line_length] [2]
./libdoipserver/src/DoIPServer.cpp:22:  Should have a space between // and comment  [whitespace/comments] [4]
./libdoipserver/src/DoIPServer.cpp:23:  Line ends in whitespace.  Consider deleting these extra spaces.  [whitespace/end_of_line] [4]
./libdoipserver/src/DoIPServer.cpp:23:  Lines should be <= 80 characters long  [whitespace/line_length] [2]
./libdoipserver/src/DoIPServer.cpp:25:  Lines should be <= 80 characters long  [whitespace/line_length] [2]
./libdoipserver/src/DoIPServer.cpp:29:  Line ends in whitespace.  Consider deleting these extra spaces.  [whitespace/end_of_line] [4]
./libdoipserver/src/DoIPServer.cpp:29:  Redundant blank line at the start of a code block should be deleted.  [whitespace/blank_line] [2]
./libdoipserver/src/DoIPServer.cpp:31:  Line ends in whitespace.  Consider deleting these extra spaces.  [whitespace/end_of_line] [4]
./libdoipserver/src/DoIPServer.cpp:35:  Line ends in whitespace.  Consider deleting these extra spaces.  [whitespace/end_of_line] [4]
./libdoipserver/src/DoIPServer.cpp:36:  Missing space before ( in if(  [whitespace/parens] [5]
./libdoipserver/src/DoIPServer.cpp:38:  Line ends in whitespace.  Consider deleting these extra spaces.  [whitespace/end_of_line] [4]
./libdoipserver/src/DoIPServer.cpp:39:  Should have a space between // and comment  [whitespace/comments] [4]
./libdoipserver/src/DoIPServer.cpp:40:  Line ends in whitespace.  Consider deleting these extra spaces.  [whitespace/end_of_line] [4]
./libdoipserver/src/DoIPServer.cpp:40:  Lines should be <= 80 characters long  [whitespace/line_length] [2]
./libdoipserver/src/DoIPServer.cpp:41:  Line ends in whitespace.  Consider deleting these extra spaces.  [whitespace/end_of_line] [4]
./libdoipserver/src/DoIPServer.cpp:42:  Should have a space between // and comment  [whitespace/comments] [4]
./libdoipserver/src/DoIPServer.cpp:62:  Missing space before {  [whitespace/braces] [5]
./libdoipserver/src/DoIPServer.cpp:63:  Line ends in whitespace.  Consider deleting these extra spaces.  [whitespace/end_of_line] [4]
./libdoipserver/src/DoIPServer.cpp:63:  Redundant blank line at the start of a code block should be deleted.  [whitespace/blank_line] [2]
./libdoipserver/src/DoIPServer.cpp:64:  Line ends in whitespace.  Consider deleting these extra spaces.  [whitespace/end_of_line] [4]
./libdoipserver/src/DoIPServer.cpp:65:  Lines should be <= 80 characters long  [whitespace/line_length] [2]
./libdoipserver/src/DoIPServer.cpp:66:  Line ends in whitespace.  Consider deleting these extra spaces.  [whitespace/end_of_line] [4]
./libdoipserver/src/DoIPServer.cpp:68:  Line ends in whitespace.  Consider deleting these extra spaces.  [whitespace/end_of_line] [4]
./libdoipserver/src/DoIPServer.cpp:79:  Line ends in whitespace.  Consider deleting these extra spaces.  [whitespace/end_of_line] [4]
./libdoipserver/src/DoIPServer.cpp:79:  Redundant blank line at the start of a code block should be deleted.  [whitespace/blank_line] [2]
./libdoipserver/src/DoIPServer.cpp:83:  Missing space before ( in switch(  [whitespace/parens] [5]
./libdoipserver/src/DoIPServer.cpp:84:  Redundant blank line at the start of a code block should be deleted.  [whitespace/blank_line] [2]
./libdoipserver/src/DoIPServer.cpp:85:  Lines should be <= 80 characters long  [whitespace/line_length] [2]
./libdoipserver/src/DoIPServer.cpp:85:  Should have a space between // and comment  [whitespace/comments] [4]
./libdoipserver/src/DoIPServer.cpp:85:  Missing space before {  [whitespace/braces] [5]
./libdoipserver/src/DoIPServer.cpp:90:  Should have a space between // and comment  [whitespace/comments] [4]
./libdoipserver/src/DoIPServer.cpp:91:  Lines should be <= 80 characters long  [whitespace/line_length] [2]
./libdoipserver/src/DoIPServer.cpp:93:  Lines should be <= 80 characters long  [whitespace/line_length] [2]
./libdoipserver/src/DoIPServer.cpp:95:  Line ends in whitespace.  Consider deleting these extra spaces.  [whitespace/end_of_line] [4]
./libdoipserver/src/DoIPServer.cpp:95:  Missing space before ( in if(  [whitespace/parens] [5]
./libdoipserver/src/DoIPServer.cpp:99:  Should have a space between // and comment  [whitespace/comments] [4]
./libdoipserver/src/DoIPServer.cpp:105:  Lines should be <= 80 characters long  [whitespace/line_length] [2]
./libdoipserver/src/DoIPServer.cpp:106:  Line ends in whitespace.  Consider deleting these extra spaces.  [whitespace/end_of_line] [4]
./libdoipserver/src/DoIPServer.cpp:106:  Lines should be <= 80 characters long  [whitespace/line_length] [2]
./libdoipserver/src/DoIPServer.cpp:111:  Line ends in whitespace.  Consider deleting these extra spaces.  [whitespace/end_of_line] [4]
./libdoipserver/src/DoIPServer.cpp:112:  Lines should be <= 80 characters long  [whitespace/line_length] [2]
./libdoipserver/src/DoIPServer.cpp:115:  Line ends in whitespace.  Consider deleting these extra spaces.  [whitespace/end_of_line] [4]
./libdoipserver/src/DoIPServer.cpp:119:  Lines should be <= 80 characters long  [whitespace/line_length] [2]
./libdoipserver/src/DoIPServer.cpp:119:  At least two spaces is best between code and comments  [whitespace/comments] [2]
./libdoipserver/src/DoIPServer.cpp:119:  Should have a space between // and comment  [whitespace/comments] [4]
./libdoipserver/src/DoIPServer.cpp:120:  Lines should be <= 80 characters long  [whitespace/line_length] [2]
./libdoipserver/src/DoIPServer.cpp:120:  Should have a space between // and comment  [whitespace/comments] [4]
./libdoipserver/src/DoIPServer.cpp:123:  Line ends in whitespace.  Consider deleting these extra spaces.  [whitespace/end_of_line] [4]
./libdoipserver/src/DoIPServer.cpp:124:  Lines should be <= 80 characters long  [whitespace/line_length] [2]
./libdoipserver/src/DoIPServer.cpp:128:  Missing space before {  [whitespace/braces] [5]
./libdoipserver/src/DoIPServer.cpp:129:  Line ends in whitespace.  Consider deleting these extra spaces.  [whitespace/end_of_line] [4]
./libdoipserver/src/DoIPServer.cpp:129:  Redundant blank line at the start of a code block should be deleted.  [whitespace/blank_line] [2]
./libdoipserver/src/DoIPServer.cpp:131:  Line ends in whitespace.  Consider deleting these extra spaces.  [whitespace/end_of_line] [4]
./libdoipserver/src/DoIPServer.cpp:133:  At least two spaces is best between code and comments  [whitespace/comments] [2]
./libdoipserver/src/DoIPServer.cpp:133:  Should have a space between // and comment  [whitespace/comments] [4]
./libdoipserver/src/DoIPServer.cpp:135:  Line ends in whitespace.  Consider deleting these extra spaces.  [whitespace/end_of_line] [4]
./libdoipserver/src/DoIPServer.cpp:137:  Line ends in whitespace.  Consider deleting these extra spaces.  [whitespace/end_of_line] [4]
./libdoipserver/src/DoIPServer.cpp:139:  Line ends in whitespace.  Consider deleting these extra spaces.  [whitespace/end_of_line] [4]
./libdoipserver/src/DoIPServer.cpp:140:  Using C-style cast.  Use reinterpret_cast<char*>(...) instead  [readability/casting] [4]
./libdoipserver/src/DoIPServer.cpp:141:  Line ends in whitespace.  Consider deleting these extra spaces.  [whitespace/end_of_line] [4]
./libdoipserver/src/DoIPServer.cpp:143:  Line ends in whitespace.  Consider deleting these extra spaces.  [whitespace/end_of_line] [4]
./libdoipserver/src/DoIPServer.cpp:145:  Line ends in whitespace.  Consider deleting these extra spaces.  [whitespace/end_of_line] [4]
./libdoipserver/src/DoIPServer.cpp:147:  Line ends in whitespace.  Consider deleting these extra spaces.  [whitespace/end_of_line] [4]
./libdoipserver/src/DoIPServer.cpp:148:  Should have a space between // and comment  [whitespace/comments] [4]
./libdoipserver/src/DoIPServer.cpp:149:  Line ends in whitespace.  Consider deleting these extra spaces.  [whitespace/end_of_line] [4]
./libdoipserver/src/DoIPServer.cpp:150:  Missing space before ( in for(  [whitespace/parens] [5]
./libdoipserver/src/DoIPServer.cpp:151:  { should almost always be at the end of the previous line  [whitespace/braces] [4]
./libdoipserver/src/DoIPServer.cpp:156:  Missing space before {  [whitespace/braces] [5]
./libdoipserver/src/DoIPServer.cpp:156:  Extra space after ( in function call  [whitespace/parens] [4]
./libdoipserver/src/DoIPServer.cpp:157:  Line ends in whitespace.  Consider deleting these extra spaces.  [whitespace/end_of_line] [4]
./libdoipserver/src/DoIPServer.cpp:157:  Redundant blank line at the start of a code block should be deleted.  [whitespace/blank_line] [2]
./libdoipserver/src/DoIPServer.cpp:161:  Missing space before {  [whitespace/braces] [5]
./libdoipserver/src/DoIPServer.cpp:161:  Use int16/int64/etc, rather than the C type short  [runtime/int] [4]
./libdoipserver/src/DoIPServer.cpp:165:  Missing space before {  [whitespace/braces] [5]
./libdoipserver/src/DoIPServer.cpp:174:  Missing space before {  [whitespace/braces] [5]
./libdoipserver/src/DoIPServer.cpp:183:  Missing space before {  [whitespace/braces] [5]
./libdoipserver/src/DoIPServer.cpp:187:  Missing space before {  [whitespace/braces] [5]
./libdoipserver/src/DoIPServer.cpp:191:  Missing space before {  [whitespace/braces] [5]
./libdoipserver/src/DoIPServer.cpp:198:  Line ends in whitespace.  Consider deleting these extra spaces.  [whitespace/end_of_line] [4]
./libdoipserver/src/DoIPServer.cpp:198:  Redundant blank line at the start of a code block should be deleted.  [whitespace/blank_line] [2]
./libdoipserver/src/DoIPServer.cpp:200:  Line ends in whitespace.  Consider deleting these extra spaces.  [whitespace/end_of_line] [4]
./libdoipserver/src/DoIPServer.cpp:201:  Should have a space between // and comment  [whitespace/comments] [4]
./libdoipserver/src/DoIPServer.cpp:202:  Lines should be <= 80 characters long  [whitespace/line_length] [2]
./libdoipserver/src/DoIPServer.cpp:203:  Line ends in whitespace.  Consider deleting these extra spaces.  [whitespace/end_of_line] [4]
./libdoipserver/src/DoIPServer.cpp:204:  Missing space before ( in if(  [whitespace/parens] [5]
./libdoipserver/src/DoIPServer.cpp:205:  { should almost always be at the end of the previous line  [whitespace/braces] [4]
./libdoipserver/src/DoIPServer.cpp:208:  Line ends in whitespace.  Consider deleting these extra spaces.  [whitespace/end_of_line] [4]
./libdoipserver/src/DoIPServer.cpp:209:  Line ends in whitespace.  Consider deleting these extra spaces.  [whitespace/end_of_line] [4]
./libdoipserver/src/DoIPServer.cpp:211:  Line ends in whitespace.  Consider deleting these extra spaces.  [whitespace/end_of_line] [4]
./libdoipserver/src/DoIPServer.cpp:214:  Line ends in whitespace.  Consider deleting these extra spaces.  [whitespace/end_of_line] [4]
./libdoipserver/src/DoIPServer.cpp:215:  Should have a space between // and comment  [whitespace/comments] [4]
./libdoipserver/src/DoIPServer.cpp:216:  Lines should be <= 80 characters long  [whitespace/line_length] [2]
./libdoipserver/src/DoIPServer.cpp:216:  Using C-style cast.  Use reinterpret_cast<char*>(...) instead  [readability/casting] [4]
./libdoipserver/src/DoIPServer.cpp:217:  Line ends in whitespace.  Consider deleting these extra spaces.  [whitespace/end_of_line] [4]
./libdoipserver/src/DoIPServer.cpp:218:  Missing space before ( in if(  [whitespace/parens] [5]
./libdoipserver/src/DoIPServer.cpp:219:  { should almost always be at the end of the previous line  [whitespace/braces] [4]
./libdoipserver/src/DoIPServer.cpp:226:  Line ends in whitespace.  Consider deleting these extra spaces.  [whitespace/end_of_line] [4]
./libdoipserver/src/DoIPServer.cpp:226:  Redundant blank line at the start of a code block should be deleted.  [whitespace/blank_line] [2]
./libdoipserver/src/DoIPServer.cpp:228:  Line ends in whitespace.  Consider deleting these extra spaces.  [whitespace/end_of_line] [4]
./libdoipserver/src/DoIPServer.cpp:229:  Should have a space between // and comment  [whitespace/comments] [4]
./libdoipserver/src/DoIPServer.cpp:230:  Missing spaces around =  [whitespace/operators] [4]
./libdoipserver/src/DoIPServer.cpp:231:  Line ends in whitespace.  Consider deleting these extra spaces.  [whitespace/end_of_line] [4]
./libdoipserver/src/DoIPServer.cpp:232:  Missing space after ,  [whitespace/comma] [3]
./libdoipserver/src/DoIPServer.cpp:233:  Line ends in whitespace.  Consider deleting these extra spaces.  [whitespace/end_of_line] [4]
./libdoipserver/src/DoIPServer.cpp:234:  Line ends in whitespace.  Consider deleting these extra spaces.  [whitespace/end_of_line] [4]
./libdoipserver/src/DoIPServer.cpp:235:  Missing space before ( in if(  [whitespace/parens] [5]
./libdoipserver/src/DoIPServer.cpp:236:  { should almost always be at the end of the previous line  [whitespace/braces] [4]
./libdoipserver/src/DoIPServer.cpp:237:  Missing spaces around <<  [whitespace/operators] [3]
./libdoipserver/src/DoIPServer.cpp:239:  Line ends in whitespace.  Consider deleting these extra spaces.  [whitespace/end_of_line] [4]
./libdoipserver/src/DoIPServer.cpp:240:  Lines should be <= 80 characters long  [whitespace/line_length] [2]
./libdoipserver/src/DoIPServer.cpp:241:  Line ends in whitespace.  Consider deleting these extra spaces.  [whitespace/end_of_line] [4]
./libdoipserver/src/DoIPServer.cpp:242:  Missing space before ( in if(  [whitespace/parens] [5]
./libdoipserver/src/DoIPServer.cpp:243:  { should almost always be at the end of the previous line  [whitespace/braces] [4]
./libdoipserver/src/DoIPServer.cpp:246:  Line ends in whitespace.  Consider deleting these extra spaces.  [whitespace/end_of_line] [4]
./libdoipserver/src/DoIPServer.cpp:248:  Line ends in whitespace.  Consider deleting these extra spaces.  [whitespace/end_of_line] [4]
./libdoipserver/src/DoIPServer.cpp:249:  Lines should be <= 80 characters long  [whitespace/line_length] [2]
./libdoipserver/src/DoIPServer.cpp:250:  Line ends in whitespace.  Consider deleting these extra spaces.  [whitespace/end_of_line] [4]
./libdoipserver/src/DoIPServer.cpp:251:  Missing space before ( in for(  [whitespace/parens] [5]
./libdoipserver/src/DoIPServer.cpp:252:  { should almost always be at the end of the previous line  [whitespace/braces] [4]
./libdoipserver/src/DoIPServer.cpp:253:  Line ends in whitespace.  Consider deleting these extra spaces.  [whitespace/end_of_line] [4]
./libdoipserver/src/DoIPServer.cpp:253:  Redundant blank line at the start of a code block should be deleted.  [whitespace/blank_line] [2]
./libdoipserver/src/DoIPServer.cpp:254:  Lines should be <= 80 characters long  [whitespace/line_length] [2]
./libdoipserver/src/DoIPServer.cpp:255:  Line ends in whitespace.  Consider deleting these extra spaces.  [whitespace/end_of_line] [4]
./libdoipserver/src/DoIPServer.cpp:256:  Missing space before ( in if(  [whitespace/parens] [5]
./libdoipserver/src/DoIPServer.cpp:257:  { should almost always be at the end of the previous line  [whitespace/braces] [4]
./libdoipserver/src/DoIPServer.cpp:258:  Missing spaces around <<  [whitespace/operators] [3]
./libdoipserver/src/DoIPServer.cpp:260:  An else should appear on the same line as the preceding }  [whitespace/newline] [4]
./libdoipserver/src/DoIPServer.cpp:261:  { should almost always be at the end of the previous line  [whitespace/braces] [4]
./libdoipserver/src/DoIPServer.cpp:262:  Missing spaces around <<  [whitespace/operators] [3]
./libdoipserver/src/DoIPServer.cpp:263:  Line ends in whitespace.  Consider deleting these extra spaces.  [whitespace/end_of_line] [4]
./libdoipserver/src/DoIPServer.cpp:265:  Line ends in whitespace.  Consider deleting these extra spaces.  [whitespace/end_of_line] [4]
./libdoipserver/src/DoIPServer.cpp:265:  Redundant blank line at the end of a code block should be deleted.  [whitespace/blank_line] [3]
./libdoipserver/src/DoIPServer.cpp:268:  Line ends in whitespace.  Consider deleting these extra spaces.  [whitespace/end_of_line] [4]
./libdoipserver/src/DoIPServer.cpp:268:  Redundant blank line at the end of a code block should be deleted.  [whitespace/blank_line] [3]
Done processing ./libdoipserver/src/DoIPServer.cpp
Total errors found: 139
