./libdoipserver/src/RoutingActivationHandler.cpp:0:  No copyright message found.  You should have a line: "Copyright [year] <Copyright Owner>"  [legal/copyright] [5]
./libdoipserver/src/RoutingActivationHandler.cpp:9:  Line ends in whitespace.  Consider deleting these extra spaces.  [whitespace/end_of_line] [4]
./libdoipserver/src/RoutingActivationHandler.cpp:9:  Redundant blank line at the start of a code block should be deleted.  [whitespace/blank_line] [2]
./libdoipserver/src/RoutingActivationHandler.cpp:10:  Should have a space between // and comment  [whitespace/comments] [4]
./libdoipserver/src/RoutingActivationHandler.cpp:14:  Missing space before ( in if(  [whitespace/parens] [5]
./libdoipserver/src/RoutingActivationHandler.cpp:15:  Should have a space between // and comment  [whitespace/comments] [4]
./libdoipserver/src/RoutingActivationHandler.cpp:18:  Line ends in whitespace.  Consider deleting these extra spaces.  [whitespace/end_of_line] [4]
./libdoipserver/src/RoutingActivationHandler.cpp:19:  Should have a space between // and comment  [whitespace/comments] [4]
./libdoipserver/src/RoutingActivationHandler.cpp:20:  Missing space before ( in switch(  [whitespace/parens] [5]
./libdoipserver/src/RoutingActivationHandler.cpp:22:  Should have a space between // and comment  [whitespace/comments] [4]
./libdoipserver/src/RoutingActivationHandler.cpp:26:  Should have a space between // and comment  [whitespace/comments] [4]
./libdoipserver/src/RoutingActivationHandler.cpp:30:  Should have a space between // and comment  [whitespace/comments] [4]
./libdoipserver/src/RoutingActivationHandler.cpp:31:  Should have a space between // and comment  [whitespace/comments] [4]
./libdoipserver/src/RoutingActivationHandler.cpp:35:  Line ends in whitespace.  Consider deleting these extra spaces.  [whitespace/end_of_line] [4]
./libdoipserver/src/RoutingActivationHandler.cpp:36:  Should have a space between // and comment  [whitespace/comments] [4]
./libdoipserver/src/RoutingActivationHandler.cpp:47:  Lines should be <= 80 characters long  [whitespace/line_length] [2]
./libdoipserver/src/RoutingActivationHandler.cpp:47:  Use int16/int64/etc, rather than the C type short  [runtime/int] [4]
./libdoipserver/src/RoutingActivationHandler.cpp:49:  Line ends in whitespace.  Consider deleting these extra spaces.  [whitespace/end_of_line] [4]
./libdoipserver/src/RoutingActivationHandler.cpp:49:  Redundant blank line at the start of a code block should be deleted.  [whitespace/blank_line] [2]
./libdoipserver/src/RoutingActivationHandler.cpp:50:  Lines should be <= 80 characters long  [whitespace/line_length] [2]
./libdoipserver/src/RoutingActivationHandler.cpp:52:  Line ends in whitespace.  Consider deleting these extra spaces.  [whitespace/end_of_line] [4]
./libdoipserver/src/RoutingActivationHandler.cpp:53:  Should have a space between // and comment  [whitespace/comments] [4]
./libdoipserver/src/RoutingActivationHandler.cpp:56:  Line ends in whitespace.  Consider deleting these extra spaces.  [whitespace/end_of_line] [4]
./libdoipserver/src/RoutingActivationHandler.cpp:57:  Should have a space between // and comment  [whitespace/comments] [4]
./libdoipserver/src/RoutingActivationHandler.cpp:60:  Line ends in whitespace.  Consider deleting these extra spaces.  [whitespace/end_of_line] [4]
./libdoipserver/src/RoutingActivationHandler.cpp:61:  Should have a space between // and comment  [whitespace/comments] [4]
./libdoipserver/src/RoutingActivationHandler.cpp:63:  Line ends in whitespace.  Consider deleting these extra spaces.  [whitespace/end_of_line] [4]
./libdoipserver/src/RoutingActivationHandler.cpp:64:  Should have a space between // and comment  [whitespace/comments] [4]
./libdoipserver/src/RoutingActivationHandler.cpp:68:  Line ends in whitespace.  Consider deleting these extra spaces.  [whitespace/end_of_line] [4]
./libdoipserver/src/RoutingActivationHandler.cpp:69:  Line ends in whitespace.  Consider deleting these extra spaces.  [whitespace/end_of_line] [4]
./libdoipserver/src/RoutingActivationHandler.cpp:81:  Line ends in whitespace.  Consider deleting these extra spaces.  [whitespace/end_of_line] [4]
./libdoipserver/src/RoutingActivationHandler.cpp:82:  Missing space before ( in for(  [whitespace/parens] [5]
./libdoipserver/src/RoutingActivationHandler.cpp:83:  Missing space before ( in if(  [whitespace/parens] [5]
./libdoipserver/src/RoutingActivationHandler.cpp:87:  Line ends in whitespace.  Consider deleting these extra spaces.  [whitespace/end_of_line] [4]
./libdoipserver/src/RoutingActivationHandler.cpp:89:  Could not find a newline character at the end of the file.  [whitespace/ending_newline] [5]
Done processing ./libdoipserver/src/RoutingActivationHandler.cpp
Total errors found: 35
