./libdoipserver/src/VehicleIdentificationHandler.cpp:0:  No copyright message found.  You should have a line: "Copyright [year] <Copyright Owner>"  [legal/copyright] [5]
./libdoipserver/src/VehicleIdentificationHandler.cpp:4:  Line ends in whitespace.  Consider deleting these extra spaces.  [whitespace/end_of_line] [4]
./libdoipserver/src/VehicleIdentificationHandler.cpp:4:  Lines should be <= 80 characters long  [whitespace/line_length] [2]
./libdoipserver/src/VehicleIdentificationHandler.cpp:4:  Missing space after ,  [whitespace/comma] [3]
./libdoipserver/src/VehicleIdentificationHandler.cpp:4:  Use int16/int64/etc, rather than the C type short  [runtime/int] [4]
./libdoipserver/src/VehicleIdentificationHandler.cpp:5:  Lines should be <= 80 characters long  [whitespace/line_length] [2]
./libdoipserver/src/VehicleIdentificationHandler.cpp:6:  Lines should be <= 80 characters long  [whitespace/line_length] [2]
./libdoipserver/src/VehicleIdentificationHandler.cpp:6:  At least two spaces is best between code and comments  [whitespace/comments] [2]
./libdoipserver/src/VehicleIdentificationHandler.cpp:6:  Should have a space between // and comment  [whitespace/comments] [4]
./libdoipserver/src/VehicleIdentificationHandler.cpp:7:  { should almost always be at the end of the previous line  [whitespace/braces] [4]
./libdoipserver/src/VehicleIdentificationHandler.cpp:8:  Lines should be <= 80 characters long  [whitespace/line_length] [2]
./libdoipserver/src/VehicleIdentificationHandler.cpp:9:  Line ends in whitespace.  Consider deleting these extra spaces.  [whitespace/end_of_line] [4]
./libdoipserver/src/VehicleIdentificationHandler.cpp:10:  Line ends in whitespace.  Consider deleting these extra spaces.  [whitespace/end_of_line] [4]
./libdoipserver/src/VehicleIdentificationHandler.cpp:10:  Should have a space between // and comment  [whitespace/comments] [4]
./libdoipserver/src/VehicleIdentificationHandler.cpp:12:  Missing space before ( in for(  [whitespace/parens] [5]
./libdoipserver/src/VehicleIdentificationHandler.cpp:13:  { should almost always be at the end of the previous line  [whitespace/braces] [4]
./libdoipserver/src/VehicleIdentificationHandler.cpp:14:  Missing space before {  [whitespace/braces] [5]
./libdoipserver/src/VehicleIdentificationHandler.cpp:17:  Tab found; better to use spaces  [whitespace/tab] [1]
./libdoipserver/src/VehicleIdentificationHandler.cpp:18:  Tab found; better to use spaces  [whitespace/tab] [1]
./libdoipserver/src/VehicleIdentificationHandler.cpp:18:  Should have a space between // and comment  [whitespace/comments] [4]
./libdoipserver/src/VehicleIdentificationHandler.cpp:19:  Tab found; better to use spaces  [whitespace/tab] [1]
./libdoipserver/src/VehicleIdentificationHandler.cpp:20:  Tab found; better to use spaces  [whitespace/tab] [1]
./libdoipserver/src/VehicleIdentificationHandler.cpp:22:  Line ends in whitespace.  Consider deleting these extra spaces.  [whitespace/end_of_line] [4]
./libdoipserver/src/VehicleIdentificationHandler.cpp:23:  Should have a space between // and comment  [whitespace/comments] [4]
./libdoipserver/src/VehicleIdentificationHandler.cpp:25:  Line ends in whitespace.  Consider deleting these extra spaces.  [whitespace/end_of_line] [4]
./libdoipserver/src/VehicleIdentificationHandler.cpp:26:  Line ends in whitespace.  Consider deleting these extra spaces.  [whitespace/end_of_line] [4]
./libdoipserver/src/VehicleIdentificationHandler.cpp:27:  Should have a space between // and comment  [whitespace/comments] [4]
./libdoipserver/src/VehicleIdentificationHandler.cpp:29:  Missing space before ( in for(  [whitespace/parens] [5]
./libdoipserver/src/VehicleIdentificationHandler.cpp:30:  { should almost always be at the end of the previous line  [whitespace/braces] [4]
./libdoipserver/src/VehicleIdentificationHandler.cpp:34:  Line ends in whitespace.  Consider deleting these extra spaces.  [whitespace/end_of_line] [4]
./libdoipserver/src/VehicleIdentificationHandler.cpp:35:  Should have a space between // and comment  [whitespace/comments] [4]
./libdoipserver/src/VehicleIdentificationHandler.cpp:37:  Missing space before ( in for(  [whitespace/parens] [5]
./libdoipserver/src/VehicleIdentificationHandler.cpp:38:  { should almost always be at the end of the previous line  [whitespace/braces] [4]
./libdoipserver/src/VehicleIdentificationHandler.cpp:42:  Line ends in whitespace.  Consider deleting these extra spaces.  [whitespace/end_of_line] [4]
./libdoipserver/src/VehicleIdentificationHandler.cpp:44:  Line ends in whitespace.  Consider deleting these extra spaces.  [whitespace/end_of_line] [4]
Done processing ./libdoipserver/src/VehicleIdentificationHandler.cpp
Total errors found: 35
