./libdoipclient/src/DoIPClient.cpp:0:  No copyright message found.  You should have a line: "Copyright [year] <Copyright Owner>"  [legal/copyright] [5]
./libdoipclient/src/DoIPClient.cpp:7:  Redundant blank line at the start of a code block should be deleted.  [whitespace/blank_line] [2]
./libdoipclient/src/DoIPClient.cpp:10:  Line ends in whitespace.  Consider deleting these extra spaces.  [whitespace/end_of_line] [4]
./libdoipclient/src/DoIPClient.cpp:10:  Missing space after ,  [whitespace/comma] [3]
./libdoipclient/src/DoIPClient.cpp:11:  Line ends in whitespace.  Consider deleting these extra spaces.  [whitespace/end_of_line] [4]
./libdoipclient/src/DoIPClient.cpp:12:  Missing spaces around >=  [whitespace/operators] [3]
./libdoipclient/src/DoIPClient.cpp:12:  Missing space before ( in if(  [whitespace/parens] [5]
./libdoipclient/src/DoIPClient.cpp:13:  { should almost always be at the end of the previous line  [whitespace/braces] [4]
./libdoipclient/src/DoIPClient.cpp:18:  Line ends in whitespace.  Consider deleting these extra spaces.  [whitespace/end_of_line] [4]
./libdoipclient/src/DoIPClient.cpp:18:  Missing space after ,  [whitespace/comma] [3]
./libdoipclient/src/DoIPClient.cpp:19:  Line ends in whitespace.  Consider deleting these extra spaces.  [whitespace/end_of_line] [4]
./libdoipclient/src/DoIPClient.cpp:20:  Missing space before ( in while(  [whitespace/parens] [5]
./libdoipclient/src/DoIPClient.cpp:21:  { should almost always be at the end of the previous line  [whitespace/braces] [4]
./libdoipclient/src/DoIPClient.cpp:22:  Lines should be <= 80 characters long  [whitespace/line_length] [2]
./libdoipclient/src/DoIPClient.cpp:22:  Missing space after ,  [whitespace/comma] [3]
./libdoipclient/src/DoIPClient.cpp:23:  Missing spaces around !=  [whitespace/operators] [3]
./libdoipclient/src/DoIPClient.cpp:23:  Missing space before ( in if(  [whitespace/parens] [5]
./libdoipclient/src/DoIPClient.cpp:24:  { should almost always be at the end of the previous line  [whitespace/braces] [4]
./libdoipclient/src/DoIPClient.cpp:28:  Line ends in whitespace.  Consider deleting these extra spaces.  [whitespace/end_of_line] [4]
./libdoipclient/src/DoIPClient.cpp:29:  Line ends in whitespace.  Consider deleting these extra spaces.  [whitespace/end_of_line] [4]
./libdoipclient/src/DoIPClient.cpp:32:  Missing space before {  [whitespace/braces] [5]
./libdoipclient/src/DoIPClient.cpp:33:  Line ends in whitespace.  Consider deleting these extra spaces.  [whitespace/end_of_line] [4]
./libdoipclient/src/DoIPClient.cpp:33:  Redundant blank line at the start of a code block should be deleted.  [whitespace/blank_line] [2]
./libdoipclient/src/DoIPClient.cpp:34:  Line ends in whitespace.  Consider deleting these extra spaces.  [whitespace/end_of_line] [4]
./libdoipclient/src/DoIPClient.cpp:34:  Missing space after ,  [whitespace/comma] [3]
./libdoipclient/src/DoIPClient.cpp:35:  Line ends in whitespace.  Consider deleting these extra spaces.  [whitespace/end_of_line] [4]
./libdoipclient/src/DoIPClient.cpp:36:  Missing space before ( in if(  [whitespace/parens] [5]
./libdoipclient/src/DoIPClient.cpp:37:  { should almost always be at the end of the previous line  [whitespace/braces] [4]
./libdoipclient/src/DoIPClient.cpp:39:  Line ends in whitespace.  Consider deleting these extra spaces.  [whitespace/end_of_line] [4]
./libdoipclient/src/DoIPClient.cpp:43:  Line ends in whitespace.  Consider deleting these extra spaces.  [whitespace/end_of_line] [4]
./libdoipclient/src/DoIPClient.cpp:47:  Line ends in whitespace.  Consider deleting these extra spaces.  [whitespace/end_of_line] [4]
./libdoipclient/src/DoIPClient.cpp:48:  Should have a space between // and comment  [whitespace/comments] [4]
./libdoipclient/src/DoIPClient.cpp:56:  Line ends in whitespace.  Consider deleting these extra spaces.  [whitespace/end_of_line] [4]
./libdoipclient/src/DoIPClient.cpp:56:  Missing space before {  [whitespace/braces] [5]
./libdoipclient/src/DoIPClient.cpp:57:  Line ends in whitespace.  Consider deleting these extra spaces.  [whitespace/end_of_line] [4]
./libdoipclient/src/DoIPClient.cpp:60:  Missing space before {  [whitespace/braces] [5]
./libdoipclient/src/DoIPClient.cpp:64:  Missing space before {  [whitespace/braces] [5]
./libdoipclient/src/DoIPClient.cpp:72:  Lines should be <= 80 characters long  [whitespace/line_length] [2]
./libdoipclient/src/DoIPClient.cpp:72:  Missing space after ,  [whitespace/comma] [3]
./libdoipclient/src/DoIPClient.cpp:73:  Line ends in whitespace.  Consider deleting these extra spaces.  [whitespace/end_of_line] [4]
./libdoipclient/src/DoIPClient.cpp:73:  Redundant blank line at the start of a code block should be deleted.  [whitespace/blank_line] [2]
./libdoipclient/src/DoIPClient.cpp:74:  Weird number of spaces at line-start.  Are you using a 2-space indent?  [whitespace/indent] [3]
./libdoipclient/src/DoIPClient.cpp:74:  Lines should be <= 80 characters long  [whitespace/line_length] [2]
./libdoipclient/src/DoIPClient.cpp:74:  Missing spaces around =  [whitespace/operators] [4]
./libdoipclient/src/DoIPClient.cpp:74:  Missing space after ,  [whitespace/comma] [3]
./libdoipclient/src/DoIPClient.cpp:75:  Weird number of spaces at line-start.  Are you using a 2-space indent?  [whitespace/indent] [3]
./libdoipclient/src/DoIPClient.cpp:75:  Missing spaces around =  [whitespace/operators] [4]
./libdoipclient/src/DoIPClient.cpp:76:  Weird number of spaces at line-start.  Are you using a 2-space indent?  [whitespace/indent] [3]
./libdoipclient/src/DoIPClient.cpp:76:  Missing spaces around =  [whitespace/operators] [4]
./libdoipclient/src/DoIPClient.cpp:77:  Line ends in whitespace.  Consider deleting these extra spaces.  [whitespace/end_of_line] [4]
./libdoipclient/src/DoIPClient.cpp:78:  Weird number of spaces at line-start.  Are you using a 2-space indent?  [whitespace/indent] [3]
./libdoipclient/src/DoIPClient.cpp:78:  Should have a space between // and comment  [whitespace/comments] [4]
./libdoipclient/src/DoIPClient.cpp:79:  Weird number of spaces at line-start.  Are you using a 2-space indent?  [whitespace/indent] [3]
./libdoipclient/src/DoIPClient.cpp:79:  Should have a space between // and comment  [whitespace/comments] [4]
./libdoipclient/src/DoIPClient.cpp:79:  Missing spaces around =  [whitespace/operators] [4]
./libdoipclient/src/DoIPClient.cpp:80:  Weird number of spaces at line-start.  Are you using a 2-space indent?  [whitespace/indent] [3]
./libdoipclient/src/DoIPClient.cpp:80:  Should have a space between // and comment  [whitespace/comments] [4]
./libdoipclient/src/DoIPClient.cpp:80:  Missing spaces around =  [whitespace/operators] [4]
./libdoipclient/src/DoIPClient.cpp:81:  Weird number of spaces at line-start.  Are you using a 2-space indent?  [whitespace/indent] [3]
./libdoipclient/src/DoIPClient.cpp:81:  Should have a space between // and comment  [whitespace/comments] [4]
./libdoipclient/src/DoIPClient.cpp:81:  Missing spaces around =  [whitespace/operators] [4]
./libdoipclient/src/DoIPClient.cpp:82:  Weird number of spaces at line-start.  Are you using a 2-space indent?  [whitespace/indent] [3]
./libdoipclient/src/DoIPClient.cpp:82:  Missing spaces around =  [whitespace/operators] [4]
./libdoipclient/src/DoIPClient.cpp:83:  Weird number of spaces at line-start.  Are you using a 2-space indent?  [whitespace/indent] [3]
./libdoipclient/src/DoIPClient.cpp:83:  Should have a space between // and comment  [whitespace/comments] [4]
./libdoipclient/src/DoIPClient.cpp:83:  Missing spaces around =  [whitespace/operators] [4]
./libdoipclient/src/DoIPClient.cpp:84:  Weird number of spaces at line-start.  Are you using a 2-space indent?  [whitespace/indent] [3]
./libdoipclient/src/DoIPClient.cpp:84:  Line ends in whitespace.  Consider deleting these extra spaces.  [whitespace/end_of_line] [4]
./libdoipclient/src/DoIPClient.cpp:84:  Missing spaces around =  [whitespace/operators] [4]
./libdoipclient/src/DoIPClient.cpp:85:  Weird number of spaces at line-start.  Are you using a 2-space indent?  [whitespace/indent] [3]
./libdoipclient/src/DoIPClient.cpp:85:  Missing spaces around =  [whitespace/operators] [4]
./libdoipclient/src/DoIPClient.cpp:86:  Weird number of spaces at line-start.  Are you using a 2-space indent?  [whitespace/indent] [3]
./libdoipclient/src/DoIPClient.cpp:86:  Missing spaces around =  [whitespace/operators] [4]
./libdoipclient/src/DoIPClient.cpp:87:  Weird number of spaces at line-start.  Are you using a 2-space indent?  [whitespace/indent] [3]
./libdoipclient/src/DoIPClient.cpp:87:  Line ends in whitespace.  Consider deleting these extra spaces.  [whitespace/end_of_line] [4]
./libdoipclient/src/DoIPClient.cpp:88:  Weird number of spaces at line-start.  Are you using a 2-space indent?  [whitespace/indent] [3]
./libdoipclient/src/DoIPClient.cpp:88:  Should have a space between // and comment  [whitespace/comments] [4]
./libdoipclient/src/DoIPClient.cpp:89:  Weird number of spaces at line-start.  Are you using a 2-space indent?  [whitespace/indent] [3]
./libdoipclient/src/DoIPClient.cpp:89:  Should have a space between // and comment  [whitespace/comments] [4]
./libdoipclient/src/DoIPClient.cpp:89:  Missing spaces around =  [whitespace/operators] [4]
./libdoipclient/src/DoIPClient.cpp:90:  Weird number of spaces at line-start.  Are you using a 2-space indent?  [whitespace/indent] [3]
./libdoipclient/src/DoIPClient.cpp:90:  Missing spaces around =  [whitespace/operators] [4]
./libdoipclient/src/DoIPClient.cpp:91:  Weird number of spaces at line-start.  Are you using a 2-space indent?  [whitespace/indent] [3]
./libdoipclient/src/DoIPClient.cpp:91:  At least two spaces is best between code and comments  [whitespace/comments] [2]
./libdoipclient/src/DoIPClient.cpp:91:  Should have a space between // and comment  [whitespace/comments] [4]
./libdoipclient/src/DoIPClient.cpp:91:  Missing spaces around =  [whitespace/operators] [4]
./libdoipclient/src/DoIPClient.cpp:92:  Weird number of spaces at line-start.  Are you using a 2-space indent?  [whitespace/indent] [3]
./libdoipclient/src/DoIPClient.cpp:92:  At least two spaces is best between code and comments  [whitespace/comments] [2]
./libdoipclient/src/DoIPClient.cpp:92:  Should have a space between // and comment  [whitespace/comments] [4]
./libdoipclient/src/DoIPClient.cpp:92:  Missing spaces around =  [whitespace/operators] [4]
./libdoipclient/src/DoIPClient.cpp:93:  Weird number of spaces at line-start.  Are you using a 2-space indent?  [whitespace/indent] [3]
./libdoipclient/src/DoIPClient.cpp:93:  Missing spaces around =  [whitespace/operators] [4]
./libdoipclient/src/DoIPClient.cpp:94:  Weird number of spaces at line-start.  Are you using a 2-space indent?  [whitespace/indent] [3]
./libdoipclient/src/DoIPClient.cpp:94:  Missing spaces around =  [whitespace/operators] [4]
./libdoipclient/src/DoIPClient.cpp:95:  Weird number of spaces at line-start.  Are you using a 2-space indent?  [whitespace/indent] [3]
./libdoipclient/src/DoIPClient.cpp:95:  Missing spaces around =  [whitespace/operators] [4]
./libdoipclient/src/DoIPClient.cpp:96:  Weird number of spaces at line-start.  Are you using a 2-space indent?  [whitespace/indent] [3]
./libdoipclient/src/DoIPClient.cpp:96:  Line ends in whitespace.  Consider deleting these extra spaces.  [whitespace/end_of_line] [4]
./libdoipclient/src/DoIPClient.cpp:97:  Weird number of spaces at line-start.  Are you using a 2-space indent?  [whitespace/indent] [3]
./libdoipclient/src/DoIPClient.cpp:97:  Missing spaces around =  [whitespace/operators] [4]
./libdoipclient/src/DoIPClient.cpp:98:  Weird number of spaces at line-start.  Are you using a 2-space indent?  [whitespace/indent] [3]
./libdoipclient/src/DoIPClient.cpp:98:  Missing spaces around =  [whitespace/operators] [4]
./libdoipclient/src/DoIPClient.cpp:99:  Line ends in whitespace.  Consider deleting these extra spaces.  [whitespace/end_of_line] [4]
./libdoipclient/src/DoIPClient.cpp:100:  Weird number of spaces at line-start.  Are you using a 2-space indent?  [whitespace/indent] [3]
./libdoipclient/src/DoIPClient.cpp:107:  Line ends in whitespace.  Consider deleting these extra spaces.  [whitespace/end_of_line] [4]
./libdoipclient/src/DoIPClient.cpp:107:  Redundant blank line at the start of a code block should be deleted.  [whitespace/blank_line] [2]
./libdoipclient/src/DoIPClient.cpp:108:  Lines should be <= 80 characters long  [whitespace/line_length] [2]
./libdoipclient/src/DoIPClient.cpp:108:  Missing spaces around =  [whitespace/operators] [4]
./libdoipclient/src/DoIPClient.cpp:108:  Missing space after ,  [whitespace/comma] [3]
./libdoipclient/src/DoIPClient.cpp:109:  Line ends in whitespace.  Consider deleting these extra spaces.  [whitespace/end_of_line] [4]
./libdoipclient/src/DoIPClient.cpp:109:  Missing space after ,  [whitespace/comma] [3]
./libdoipclient/src/DoIPClient.cpp:118:  Lines should be <= 80 characters long  [whitespace/line_length] [2]
./libdoipclient/src/DoIPClient.cpp:119:  Use int16/int64/etc, rather than the C type short  [runtime/int] [4]
./libdoipclient/src/DoIPClient.cpp:120:  Lines should be <= 80 characters long  [whitespace/line_length] [2]
./libdoipclient/src/DoIPClient.cpp:122:  Lines should be <= 80 characters long  [whitespace/line_length] [2]
./libdoipclient/src/DoIPClient.cpp:130:  Lines should be <= 80 characters long  [whitespace/line_length] [2]
./libdoipclient/src/DoIPClient.cpp:140:  Line ends in whitespace.  Consider deleting these extra spaces.  [whitespace/end_of_line] [4]
./libdoipclient/src/DoIPClient.cpp:140:  Redundant blank line at the start of a code block should be deleted.  [whitespace/blank_line] [2]
./libdoipclient/src/DoIPClient.cpp:141:  Missing space after ,  [whitespace/comma] [3]
./libdoipclient/src/DoIPClient.cpp:142:  Line ends in whitespace.  Consider deleting these extra spaces.  [whitespace/end_of_line] [4]
./libdoipclient/src/DoIPClient.cpp:143:  Lines should be <= 80 characters long  [whitespace/line_length] [2]
./libdoipclient/src/DoIPClient.cpp:143:  At least two spaces is best between code and comments  [whitespace/comments] [2]
./libdoipclient/src/DoIPClient.cpp:143:  Should have a space between // and comment  [whitespace/comments] [4]
./libdoipclient/src/DoIPClient.cpp:143:  Missing space before ( in if(  [whitespace/parens] [5]
./libdoipclient/src/DoIPClient.cpp:144:  { should almost always be at the end of the previous line  [whitespace/braces] [4]
./libdoipclient/src/DoIPClient.cpp:146:  Line ends in whitespace.  Consider deleting these extra spaces.  [whitespace/end_of_line] [4]
./libdoipclient/src/DoIPClient.cpp:147:  Missing space before ( in if(  [whitespace/parens] [5]
./libdoipclient/src/DoIPClient.cpp:148:  { should almost always be at the end of the previous line  [whitespace/braces] [4]
./libdoipclient/src/DoIPClient.cpp:149:  Lines should be <= 80 characters long  [whitespace/line_length] [2]
./libdoipclient/src/DoIPClient.cpp:155:  Tab found; better to use spaces  [whitespace/tab] [1]
./libdoipclient/src/DoIPClient.cpp:155:  Line ends in whitespace.  Consider deleting these extra spaces.  [whitespace/end_of_line] [4]
./libdoipclient/src/DoIPClient.cpp:157:  Missing space before ( in for(  [whitespace/parens] [5]
./libdoipclient/src/DoIPClient.cpp:158:  { should almost always be at the end of the previous line  [whitespace/braces] [4]
./libdoipclient/src/DoIPClient.cpp:160:  Line ends in whitespace.  Consider deleting these extra spaces.  [whitespace/end_of_line] [4]
./libdoipclient/src/DoIPClient.cpp:161:  Tab found; better to use spaces  [whitespace/tab] [1]
./libdoipclient/src/DoIPClient.cpp:161:  Line ends in whitespace.  Consider deleting these extra spaces.  [whitespace/end_of_line] [4]
./libdoipclient/src/DoIPClient.cpp:162:  Line ends in whitespace.  Consider deleting these extra spaces.  [whitespace/end_of_line] [4]
./libdoipclient/src/DoIPClient.cpp:165:  Lines should be <= 80 characters long  [whitespace/line_length] [2]
./libdoipclient/src/DoIPClient.cpp:165:  Missing space before ( in if(  [whitespace/parens] [5]
./libdoipclient/src/DoIPClient.cpp:166:  Missing space before ( in switch(  [whitespace/parens] [5]
./libdoipclient/src/DoIPClient.cpp:168:  Lines should be <= 80 characters long  [whitespace/line_length] [2]
./libdoipclient/src/DoIPClient.cpp:173:  Lines should be <= 80 characters long  [whitespace/line_length] [2]
./libdoipclient/src/DoIPClient.cpp:178:  Lines should be <= 80 characters long  [whitespace/line_length] [2]
./libdoipclient/src/DoIPClient.cpp:184:  Weird number of spaces at line-start.  Are you using a 2-space indent?  [whitespace/indent] [3]
./libdoipclient/src/DoIPClient.cpp:184:  Line ends in whitespace.  Consider deleting these extra spaces.  [whitespace/end_of_line] [4]
./libdoipclient/src/DoIPClient.cpp:184:  Redundant blank line at the end of a code block should be deleted.  [whitespace/blank_line] [3]
./libdoipclient/src/DoIPClient.cpp:188:  Line ends in whitespace.  Consider deleting these extra spaces.  [whitespace/end_of_line] [4]
./libdoipclient/src/DoIPClient.cpp:188:  Redundant blank line at the start of a code block should be deleted.  [whitespace/blank_line] [2]
./libdoipclient/src/DoIPClient.cpp:190:  Line ends in whitespace.  Consider deleting these extra spaces.  [whitespace/end_of_line] [4]
./libdoipclient/src/DoIPClient.cpp:192:  Lines should be <= 80 characters long  [whitespace/line_length] [2]
./libdoipclient/src/DoIPClient.cpp:193:  Line ends in whitespace.  Consider deleting these extra spaces.  [whitespace/end_of_line] [4]
./libdoipclient/src/DoIPClient.cpp:194:  Lines should be <= 80 characters long  [whitespace/line_length] [2]
./libdoipclient/src/DoIPClient.cpp:194:  Missing space before ( in if(  [whitespace/parens] [5]
./libdoipclient/src/DoIPClient.cpp:195:  { should almost always be at the end of the previous line  [whitespace/braces] [4]
./libdoipclient/src/DoIPClient.cpp:198:  Line ends in whitespace.  Consider deleting these extra spaces.  [whitespace/end_of_line] [4]
./libdoipclient/src/DoIPClient.cpp:198:  Redundant blank line at the end of a code block should be deleted.  [whitespace/blank_line] [3]
./libdoipclient/src/DoIPClient.cpp:201:  Lines should be <= 80 characters long  [whitespace/line_length] [2]
./libdoipclient/src/DoIPClient.cpp:201:  Missing space after ,  [whitespace/comma] [3]
./libdoipclient/src/DoIPClient.cpp:201:  Missing space before {  [whitespace/braces] [5]
./libdoipclient/src/DoIPClient.cpp:202:  Line ends in whitespace.  Consider deleting these extra spaces.  [whitespace/end_of_line] [4]
./libdoipclient/src/DoIPClient.cpp:202:  Redundant blank line at the start of a code block should be deleted.  [whitespace/blank_line] [2]
./libdoipclient/src/DoIPClient.cpp:203:  Lines should be <= 80 characters long  [whitespace/line_length] [2]
./libdoipclient/src/DoIPClient.cpp:203:  Missing spaces around =  [whitespace/operators] [4]
./libdoipclient/src/DoIPClient.cpp:203:  Missing space after ,  [whitespace/comma] [3]
./libdoipclient/src/DoIPClient.cpp:204:  Missing spaces around =  [whitespace/operators] [4]
./libdoipclient/src/DoIPClient.cpp:205:  Missing spaces around =  [whitespace/operators] [4]
./libdoipclient/src/DoIPClient.cpp:207:  Should have a space between // and comment  [whitespace/comments] [4]
./libdoipclient/src/DoIPClient.cpp:208:  Should have a space between // and comment  [whitespace/comments] [4]
./libdoipclient/src/DoIPClient.cpp:208:  Missing spaces around =  [whitespace/operators] [4]
./libdoipclient/src/DoIPClient.cpp:209:  Should have a space between // and comment  [whitespace/comments] [4]
./libdoipclient/src/DoIPClient.cpp:209:  Missing spaces around =  [whitespace/operators] [4]
./libdoipclient/src/DoIPClient.cpp:210:  Should have a space between // and comment  [whitespace/comments] [4]
./libdoipclient/src/DoIPClient.cpp:210:  Missing spaces around =  [whitespace/operators] [4]
./libdoipclient/src/DoIPClient.cpp:211:  Missing spaces around =  [whitespace/operators] [4]
./libdoipclient/src/DoIPClient.cpp:212:  Should have a space between // and comment  [whitespace/comments] [4]
./libdoipclient/src/DoIPClient.cpp:212:  Missing spaces around =  [whitespace/operators] [4]
./libdoipclient/src/DoIPClient.cpp:213:  Line ends in whitespace.  Consider deleting these extra spaces.  [whitespace/end_of_line] [4]
./libdoipclient/src/DoIPClient.cpp:213:  Missing spaces around =  [whitespace/operators] [4]
./libdoipclient/src/DoIPClient.cpp:214:  Missing spaces around =  [whitespace/operators] [4]
./libdoipclient/src/DoIPClient.cpp:215:  Missing spaces around =  [whitespace/operators] [4]
./libdoipclient/src/DoIPClient.cpp:217:  Missing spaces around =  [whitespace/operators] [4]
./libdoipclient/src/DoIPClient.cpp:218:  Missing spaces around =  [whitespace/operators] [4]
./libdoipclient/src/DoIPClient.cpp:221:  Line ends in whitespace.  Consider deleting these extra spaces.  [whitespace/end_of_line] [4]
./libdoipclient/src/DoIPClient.cpp:221:  Redundant blank line at the end of a code block should be deleted.  [whitespace/blank_line] [3]
./libdoipclient/src/DoIPClient.cpp:224:  Missing space before {  [whitespace/braces] [5]
./libdoipclient/src/DoIPClient.cpp:225:  Line ends in whitespace.  Consider deleting these extra spaces.  [whitespace/end_of_line] [4]
./libdoipclient/src/DoIPClient.cpp:225:  Redundant blank line at the start of a code block should be deleted.  [whitespace/blank_line] [2]
./libdoipclient/src/DoIPClient.cpp:226:  Missing space after ,  [whitespace/comma] [3]
./libdoipclient/src/DoIPClient.cpp:227:  Line ends in whitespace.  Consider deleting these extra spaces.  [whitespace/end_of_line] [4]
./libdoipclient/src/DoIPClient.cpp:228:  Missing space before ( in if(  [whitespace/parens] [5]
./libdoipclient/src/DoIPClient.cpp:229:  { should almost always be at the end of the previous line  [whitespace/braces] [4]
./libdoipclient/src/DoIPClient.cpp:230:  Missing spaces around <<  [whitespace/operators] [3]
./libdoipclient/src/DoIPClient.cpp:232:  An else should appear on the same line as the preceding }  [whitespace/newline] [4]
./libdoipclient/src/DoIPClient.cpp:233:  { should almost always be at the end of the previous line  [whitespace/braces] [4]
./libdoipclient/src/DoIPClient.cpp:236:  Line ends in whitespace.  Consider deleting these extra spaces.  [whitespace/end_of_line] [4]
./libdoipclient/src/DoIPClient.cpp:237:  Lines should be <= 80 characters long  [whitespace/line_length] [2]
./libdoipclient/src/DoIPClient.cpp:238:  Line ends in whitespace.  Consider deleting these extra spaces.  [whitespace/end_of_line] [4]
./libdoipclient/src/DoIPClient.cpp:239:  Missing space before ( in if(  [whitespace/parens] [5]
./libdoipclient/src/DoIPClient.cpp:240:  { should almost always be at the end of the previous line  [whitespace/braces] [4]
./libdoipclient/src/DoIPClient.cpp:243:  Line ends in whitespace.  Consider deleting these extra spaces.  [whitespace/end_of_line] [4]
./libdoipclient/src/DoIPClient.cpp:244:  Lines should be <= 80 characters long  [whitespace/line_length] [2]
./libdoipclient/src/DoIPClient.cpp:244:  Missing spaces around =  [whitespace/operators] [4]
./libdoipclient/src/DoIPClient.cpp:244:  Missing space after ,  [whitespace/comma] [3]
./libdoipclient/src/DoIPClient.cpp:245:  Line ends in whitespace.  Consider deleting these extra spaces.  [whitespace/end_of_line] [4]
./libdoipclient/src/DoIPClient.cpp:246:  Lines should be <= 80 characters long  [whitespace/line_length] [2]
./libdoipclient/src/DoIPClient.cpp:246:  Missing space after ,  [whitespace/comma] [3]
./libdoipclient/src/DoIPClient.cpp:247:  Line ends in whitespace.  Consider deleting these extra spaces.  [whitespace/end_of_line] [4]
./libdoipclient/src/DoIPClient.cpp:248:  Missing space before ( in if(  [whitespace/parens] [5]
./libdoipclient/src/DoIPClient.cpp:249:  { should almost always be at the end of the previous line  [whitespace/braces] [4]
./libdoipclient/src/DoIPClient.cpp:277:  Missing space before {  [whitespace/braces] [5]
./libdoipclient/src/DoIPClient.cpp:278:  Line ends in whitespace.  Consider deleting these extra spaces.  [whitespace/end_of_line] [4]
./libdoipclient/src/DoIPClient.cpp:278:  Redundant blank line at the start of a code block should be deleted.  [whitespace/blank_line] [2]
./libdoipclient/src/DoIPClient.cpp:279:  Should have a space between // and comment  [whitespace/comments] [4]
./libdoipclient/src/DoIPClient.cpp:281:  Missing space before ( in for(  [whitespace/parens] [5]
./libdoipclient/src/DoIPClient.cpp:282:  Line ends in whitespace.  Consider deleting these extra spaces.  [whitespace/end_of_line] [4]
./libdoipclient/src/DoIPClient.cpp:282:  { should almost always be at the end of the previous line  [whitespace/braces] [4]
./libdoipclient/src/DoIPClient.cpp:286:  Line ends in whitespace.  Consider deleting these extra spaces.  [whitespace/end_of_line] [4]
./libdoipclient/src/DoIPClient.cpp:287:  Should have a space between // and comment  [whitespace/comments] [4]
./libdoipclient/src/DoIPClient.cpp:289:  Missing space before ( in for(  [whitespace/parens] [5]
./libdoipclient/src/DoIPClient.cpp:290:  { should almost always be at the end of the previous line  [whitespace/braces] [4]
./libdoipclient/src/DoIPClient.cpp:294:  Line ends in whitespace.  Consider deleting these extra spaces.  [whitespace/end_of_line] [4]
./libdoipclient/src/DoIPClient.cpp:295:  Should have a space between // and comment  [whitespace/comments] [4]
./libdoipclient/src/DoIPClient.cpp:297:  Missing space before ( in for(  [whitespace/parens] [5]
./libdoipclient/src/DoIPClient.cpp:298:  { should almost always be at the end of the previous line  [whitespace/braces] [4]
./libdoipclient/src/DoIPClient.cpp:302:  Line ends in whitespace.  Consider deleting these extra spaces.  [whitespace/end_of_line] [4]
./libdoipclient/src/DoIPClient.cpp:303:  Should have a space between // and comment  [whitespace/comments] [4]
./libdoipclient/src/DoIPClient.cpp:305:  Missing space before ( in for(  [whitespace/parens] [5]
./libdoipclient/src/DoIPClient.cpp:306:  { should almost always be at the end of the previous line  [whitespace/braces] [4]
./libdoipclient/src/DoIPClient.cpp:310:  Line ends in whitespace.  Consider deleting these extra spaces.  [whitespace/end_of_line] [4]
./libdoipclient/src/DoIPClient.cpp:311:  Should have a space between // and comment  [whitespace/comments] [4]
./libdoipclient/src/DoIPClient.cpp:313:  Line ends in whitespace.  Consider deleting these extra spaces.  [whitespace/end_of_line] [4]
./libdoipclient/src/DoIPClient.cpp:313:  Redundant blank line at the end of a code block should be deleted.  [whitespace/blank_line] [3]
./libdoipclient/src/DoIPClient.cpp:317:  { should almost always be at the end of the previous line  [whitespace/braces] [4]
./libdoipclient/src/DoIPClient.cpp:318:  Should have a space between // and comment  [whitespace/comments] [4]
./libdoipclient/src/DoIPClient.cpp:320:  Missing space before ( in for(  [whitespace/parens] [5]
./libdoipclient/src/DoIPClient.cpp:320:  Missing space after ;  [whitespace/semicolon] [3]
./libdoipclient/src/DoIPClient.cpp:321:  { should almost always be at the end of the previous line  [whitespace/braces] [4]
./libdoipclient/src/DoIPClient.cpp:322:  Using C-style cast.  Use static_cast<int>(...) instead  [readability/casting] [4]
./libdoipclient/src/DoIPClient.cpp:325:  Line ends in whitespace.  Consider deleting these extra spaces.  [whitespace/end_of_line] [4]
./libdoipclient/src/DoIPClient.cpp:326:  Should have a space between // and comment  [whitespace/comments] [4]
./libdoipclient/src/DoIPClient.cpp:328:  Missing space before ( in for(  [whitespace/parens] [5]
./libdoipclient/src/DoIPClient.cpp:329:  { should almost always be at the end of the previous line  [whitespace/braces] [4]
./libdoipclient/src/DoIPClient.cpp:330:  Using C-style cast.  Use static_cast<int>(...) instead  [readability/casting] [4]
./libdoipclient/src/DoIPClient.cpp:333:  Line ends in whitespace.  Consider deleting these extra spaces.  [whitespace/end_of_line] [4]
./libdoipclient/src/DoIPClient.cpp:334:  Should have a space between // and comment  [whitespace/comments] [4]
./libdoipclient/src/DoIPClient.cpp:336:  Missing space before ( in for(  [whitespace/parens] [5]
./libdoipclient/src/DoIPClient.cpp:337:  { should almost always be at the end of the previous line  [whitespace/braces] [4]
./libdoipclient/src/DoIPClient.cpp:341:  Line ends in whitespace.  Consider deleting these extra spaces.  [whitespace/end_of_line] [4]
./libdoipclient/src/DoIPClient.cpp:342:  Should have a space between // and comment  [whitespace/comments] [4]
./libdoipclient/src/DoIPClient.cpp:344:  Missing space before ( in for(  [whitespace/parens] [5]
./libdoipclient/src/DoIPClient.cpp:345:  { should almost always be at the end of the previous line  [whitespace/braces] [4]
./libdoipclient/src/DoIPClient.cpp:346:  Using C-style cast.  Use static_cast<int>(...) instead  [readability/casting] [4]
./libdoipclient/src/DoIPClient.cpp:349:  Line ends in whitespace.  Consider deleting these extra spaces.  [whitespace/end_of_line] [4]
./libdoipclient/src/DoIPClient.cpp:350:  Should have a space between // and comment  [whitespace/comments] [4]
./libdoipclient/src/DoIPClient.cpp:352:  Using C-style cast.  Use static_cast<int>(...) instead  [readability/casting] [4]
./libdoipclient/src/DoIPClient.cpp:353:  Line ends in whitespace.  Consider deleting these extra spaces.  [whitespace/end_of_line] [4]
Done processing ./libdoipclient/src/DoIPClient.cpp
Total errors found: 256
