./libdoipcommon/src/DiagnosticMessageHandler.cpp:0:  No copyright message found.  You should have a line: "Copyright [year] <Copyright Owner>"  [legal/copyright] [5]
./libdoipcommon/src/DiagnosticMessageHandler.cpp:12:  Lines should be <= 80 characters long  [whitespace/line_length] [2]
./libdoipcommon/src/DiagnosticMessageHandler.cpp:12:  Extra space before [  [whitespace/braces] [5]
./libdoipcommon/src/DiagnosticMessageHandler.cpp:13:  Lines should be <= 80 characters long  [whitespace/line_length] [2]
./libdoipcommon/src/DiagnosticMessageHandler.cpp:15:  Missing space before ( in if(  [whitespace/parens] [5]
./libdoipcommon/src/DiagnosticMessageHandler.cpp:16:  Should have a space between // and comment  [whitespace/comments] [4]
./libdoipcommon/src/DiagnosticMessageHandler.cpp:17:  Missing space before ( in if(  [whitespace/parens] [5]
./libdoipcommon/src/DiagnosticMessageHandler.cpp:18:  Should have a space between // and comment  [whitespace/comments] [4]
./libdoipcommon/src/DiagnosticMessageHandler.cpp:23:  Should have a space between // and comment  [whitespace/comments] [4]
./libdoipcommon/src/DiagnosticMessageHandler.cpp:24:  Use int16/int64/etc, rather than the C type short  [runtime/int] [4]
./libdoipcommon/src/DiagnosticMessageHandler.cpp:25:  Use int16/int64/etc, rather than the C type short  [runtime/int] [4]
./libdoipcommon/src/DiagnosticMessageHandler.cpp:26:  Use int16/int64/etc, rather than the C type short  [runtime/int] [4]
./libdoipcommon/src/DiagnosticMessageHandler.cpp:28:  Lines should be <= 80 characters long  [whitespace/line_length] [2]
./libdoipcommon/src/DiagnosticMessageHandler.cpp:31:  Lines should be <= 80 characters long  [whitespace/line_length] [2]
./libdoipcommon/src/DiagnosticMessageHandler.cpp:31:  Missing space before ( in for(  [whitespace/parens] [5]
./libdoipcommon/src/DiagnosticMessageHandler.cpp:37:  Should have a space between // and comment  [whitespace/comments] [4]
./libdoipcommon/src/DiagnosticMessageHandler.cpp:51:  Line ends in whitespace.  Consider deleting these extra spaces.  [whitespace/end_of_line] [4]
./libdoipcommon/src/DiagnosticMessageHandler.cpp:51:  Use int16/int64/etc, rather than the C type short  [runtime/int] [4]
./libdoipcommon/src/DiagnosticMessageHandler.cpp:52:  Lines should be <= 80 characters long  [whitespace/line_length] [2]
./libdoipcommon/src/DiagnosticMessageHandler.cpp:52:  Extra space before [  [whitespace/braces] [5]
./libdoipcommon/src/DiagnosticMessageHandler.cpp:53:  Line ends in whitespace.  Consider deleting these extra spaces.  [whitespace/end_of_line] [4]
./libdoipcommon/src/DiagnosticMessageHandler.cpp:53:  Redundant blank line at the start of a code block should be deleted.  [whitespace/blank_line] [2]
./libdoipcommon/src/DiagnosticMessageHandler.cpp:55:  Missing space before ( in if(  [whitespace/parens] [5]
./libdoipcommon/src/DiagnosticMessageHandler.cpp:59:  Line ends in whitespace.  Consider deleting these extra spaces.  [whitespace/end_of_line] [4]
./libdoipcommon/src/DiagnosticMessageHandler.cpp:60:  Lines should be <= 80 characters long  [whitespace/line_length] [2]
./libdoipcommon/src/DiagnosticMessageHandler.cpp:62:  Should have a space between // and comment  [whitespace/comments] [4]
./libdoipcommon/src/DiagnosticMessageHandler.cpp:66:  Should have a space between // and comment  [whitespace/comments] [4]
./libdoipcommon/src/DiagnosticMessageHandler.cpp:70:  Should have a space between // and comment  [whitespace/comments] [4]
./libdoipcommon/src/DiagnosticMessageHandler.cpp:83:  Lines should be <= 80 characters long  [whitespace/line_length] [2]
./libdoipcommon/src/DiagnosticMessageHandler.cpp:83:  Extra space before [  [whitespace/braces] [5]
./libdoipcommon/src/DiagnosticMessageHandler.cpp:83:  Use int16/int64/etc, rather than the C type short  [runtime/int] [4]
./libdoipcommon/src/DiagnosticMessageHandler.cpp:84:  Lines should be <= 80 characters long  [whitespace/line_length] [2]
./libdoipcommon/src/DiagnosticMessageHandler.cpp:85:  Line ends in whitespace.  Consider deleting these extra spaces.  [whitespace/end_of_line] [4]
./libdoipcommon/src/DiagnosticMessageHandler.cpp:85:  Redundant blank line at the start of a code block should be deleted.  [whitespace/blank_line] [2]
./libdoipcommon/src/DiagnosticMessageHandler.cpp:86:  Lines should be <= 80 characters long  [whitespace/line_length] [2]
./libdoipcommon/src/DiagnosticMessageHandler.cpp:88:  Should have a space between // and comment  [whitespace/comments] [4]
./libdoipcommon/src/DiagnosticMessageHandler.cpp:92:  Should have a space between // and comment  [whitespace/comments] [4]
./libdoipcommon/src/DiagnosticMessageHandler.cpp:96:  Should have a space between // and comment  [whitespace/comments] [4]
./libdoipcommon/src/DiagnosticMessageHandler.cpp:97:  Missing space before ( in for(  [whitespace/parens] [5]
./libdoipcommon/src/DiagnosticMessageHandler.cpp:98:  Tab found; better to use spaces  [whitespace/tab] [1]
./libdoipcommon/src/DiagnosticMessageHandler.cpp:98:  Line ends in whitespace.  Consider deleting these extra spaces.  [whitespace/end_of_line] [4]
Done processing ./libdoipcommon/src/DiagnosticMessageHandler.cpp
Total errors found: 41
