./libdoipcommon/src/DoIPGenericHeaderHandler.cpp:0:  No copyright message found.  You should have a line: "Copyright [year] <Copyright Owner>"  [legal/copyright] [5]
./libdoipcommon/src/DoIPGenericHeaderHandler.cpp:5:  Do not use namespace using-directives.  Use using-declarations instead.  [build/namespaces] [5]
./libdoipcommon/src/DoIPGenericHeaderHandler.cpp:15:  Line ends in whitespace.  Consider deleting these extra spaces.  [whitespace/end_of_line] [4]
./libdoipcommon/src/DoIPGenericHeaderHandler.cpp:15:  Redundant blank line at the start of a code block should be deleted.  [whitespace/blank_line] [2]
./libdoipcommon/src/DoIPGenericHeaderHandler.cpp:17:  Line ends in whitespace.  Consider deleting these extra spaces.  [whitespace/end_of_line] [4]
./libdoipcommon/src/DoIPGenericHeaderHandler.cpp:18:  Lines should be <= 80 characters long  [whitespace/line_length] [2]
./libdoipcommon/src/DoIPGenericHeaderHandler.cpp:18:  Should have a space between // and comment  [whitespace/comments] [4]
./libdoipcommon/src/DoIPGenericHeaderHandler.cpp:19:  Missing space before ( in if(  [whitespace/parens] [5]
./libdoipcommon/src/DoIPGenericHeaderHandler.cpp:20:  Line ends in whitespace.  Consider deleting these extra spaces.  [whitespace/end_of_line] [4]
./libdoipcommon/src/DoIPGenericHeaderHandler.cpp:20:  Redundant blank line at the start of a code block should be deleted.  [whitespace/blank_line] [2]
./libdoipcommon/src/DoIPGenericHeaderHandler.cpp:21:  Should have a space between // and comment  [whitespace/comments] [4]
./libdoipcommon/src/DoIPGenericHeaderHandler.cpp:22:  Missing space before ( in if(  [whitespace/parens] [5]
./libdoipcommon/src/DoIPGenericHeaderHandler.cpp:22:  Using C-style cast.  Use static_cast<int>(...) instead  [readability/casting] [4]
./libdoipcommon/src/DoIPGenericHeaderHandler.cpp:23:  Should have a space between // and comment  [whitespace/comments] [4]
./libdoipcommon/src/DoIPGenericHeaderHandler.cpp:38:  Should have a space between // and comment  [whitespace/comments] [4]
./libdoipcommon/src/DoIPGenericHeaderHandler.cpp:40:  Tab found; better to use spaces  [whitespace/tab] [1]
./libdoipcommon/src/DoIPGenericHeaderHandler.cpp:40:  Lines should be <= 80 characters long  [whitespace/line_length] [2]
./libdoipcommon/src/DoIPGenericHeaderHandler.cpp:40:  At least two spaces is best between code and comments  [whitespace/comments] [2]
./libdoipcommon/src/DoIPGenericHeaderHandler.cpp:40:  Should have a space between // and comment  [whitespace/comments] [4]
./libdoipcommon/src/DoIPGenericHeaderHandler.cpp:40:  Missing space before ( in if(  [whitespace/parens] [5]
./libdoipcommon/src/DoIPGenericHeaderHandler.cpp:43:  An else should appear on the same line as the preceding }  [whitespace/newline] [4]
./libdoipcommon/src/DoIPGenericHeaderHandler.cpp:43:  If an else has a brace on one side, it should have it on both  [readability/braces] [5]
./libdoipcommon/src/DoIPGenericHeaderHandler.cpp:43:  Missing space before ( in if(  [whitespace/parens] [5]
./libdoipcommon/src/DoIPGenericHeaderHandler.cpp:43:  Missing space before {  [whitespace/braces] [5]
./libdoipcommon/src/DoIPGenericHeaderHandler.cpp:46:  Lines should be <= 80 characters long  [whitespace/line_length] [2]
./libdoipcommon/src/DoIPGenericHeaderHandler.cpp:46:  An else should appear on the same line as the preceding }  [whitespace/newline] [4]
./libdoipcommon/src/DoIPGenericHeaderHandler.cpp:46:  If an else has a brace on one side, it should have it on both  [readability/braces] [5]
./libdoipcommon/src/DoIPGenericHeaderHandler.cpp:46:  Should have a space between // and comment  [whitespace/comments] [4]
./libdoipcommon/src/DoIPGenericHeaderHandler.cpp:46:  Missing space before ( in if(  [whitespace/parens] [5]
./libdoipcommon/src/DoIPGenericHeaderHandler.cpp:49:  Lines should be <= 80 characters long  [whitespace/line_length] [2]
./libdoipcommon/src/DoIPGenericHeaderHandler.cpp:49:  An else should appear on the same line as the preceding }  [whitespace/newline] [4]
./libdoipcommon/src/DoIPGenericHeaderHandler.cpp:49:  If an else has a brace on one side, it should have it on both  [readability/braces] [5]
./libdoipcommon/src/DoIPGenericHeaderHandler.cpp:49:  Should have a space between // and comment  [whitespace/comments] [4]
./libdoipcommon/src/DoIPGenericHeaderHandler.cpp:49:  Missing space before ( in if(  [whitespace/parens] [5]
./libdoipcommon/src/DoIPGenericHeaderHandler.cpp:51:  Line ends in whitespace.  Consider deleting these extra spaces.  [whitespace/end_of_line] [4]
./libdoipcommon/src/DoIPGenericHeaderHandler.cpp:52:  Lines should be <= 80 characters long  [whitespace/line_length] [2]
./libdoipcommon/src/DoIPGenericHeaderHandler.cpp:52:  An else should appear on the same line as the preceding }  [whitespace/newline] [4]
./libdoipcommon/src/DoIPGenericHeaderHandler.cpp:52:  If an else has a brace on one side, it should have it on both  [readability/braces] [5]
./libdoipcommon/src/DoIPGenericHeaderHandler.cpp:52:  Should have a space between // and comment  [whitespace/comments] [4]
./libdoipcommon/src/DoIPGenericHeaderHandler.cpp:52:  Missing space before ( in if(  [whitespace/parens] [5]
./libdoipcommon/src/DoIPGenericHeaderHandler.cpp:54:  Line ends in whitespace.  Consider deleting these extra spaces.  [whitespace/end_of_line] [4]
./libdoipcommon/src/DoIPGenericHeaderHandler.cpp:55:  Lines should be <= 80 characters long  [whitespace/line_length] [2]
./libdoipcommon/src/DoIPGenericHeaderHandler.cpp:55:  An else should appear on the same line as the preceding }  [whitespace/newline] [4]
./libdoipcommon/src/DoIPGenericHeaderHandler.cpp:55:  If an else has a brace on one side, it should have it on both  [readability/braces] [5]
./libdoipcommon/src/DoIPGenericHeaderHandler.cpp:55:  Should have a space between // and comment  [whitespace/comments] [4]
./libdoipcommon/src/DoIPGenericHeaderHandler.cpp:55:  Missing space before ( in if(  [whitespace/parens] [5]
./libdoipcommon/src/DoIPGenericHeaderHandler.cpp:58:  Should have a space between // and comment  [whitespace/comments] [4]
./libdoipcommon/src/DoIPGenericHeaderHandler.cpp:64:  Should have a space between // and comment  [whitespace/comments] [4]
./libdoipcommon/src/DoIPGenericHeaderHandler.cpp:65:  Missing space before ( in switch(  [whitespace/parens] [5]
./libdoipcommon/src/DoIPGenericHeaderHandler.cpp:67:  Missing space before ( in if(  [whitespace/parens] [5]
./libdoipcommon/src/DoIPGenericHeaderHandler.cpp:76:  Missing space before ( in if(  [whitespace/parens] [5]
./libdoipcommon/src/DoIPGenericHeaderHandler.cpp:83:  Line ends in whitespace.  Consider deleting these extra spaces.  [whitespace/end_of_line] [4]
./libdoipcommon/src/DoIPGenericHeaderHandler.cpp:85:  Missing space before ( in if(  [whitespace/parens] [5]
./libdoipcommon/src/DoIPGenericHeaderHandler.cpp:93:  Missing space before {  [whitespace/braces] [5]
./libdoipcommon/src/DoIPGenericHeaderHandler.cpp:94:  Missing space before ( in if(  [whitespace/parens] [5]
./libdoipcommon/src/DoIPGenericHeaderHandler.cpp:103:  Missing space before ( in if(  [whitespace/parens] [5]
./libdoipcommon/src/DoIPGenericHeaderHandler.cpp:108:  Tab found; better to use spaces  [whitespace/tab] [1]
./libdoipcommon/src/DoIPGenericHeaderHandler.cpp:108:  Line ends in whitespace.  Consider deleting these extra spaces.  [whitespace/end_of_line] [4]
./libdoipcommon/src/DoIPGenericHeaderHandler.cpp:112:  Missing space before ( in if(  [whitespace/parens] [5]
./libdoipcommon/src/DoIPGenericHeaderHandler.cpp:120:  Missing space before ( in if(  [whitespace/parens] [5]
./libdoipcommon/src/DoIPGenericHeaderHandler.cpp:128:  Lines should be <= 80 characters long  [whitespace/line_length] [2]
./libdoipcommon/src/DoIPGenericHeaderHandler.cpp:129:  Tab found; better to use spaces  [whitespace/tab] [1]
./libdoipcommon/src/DoIPGenericHeaderHandler.cpp:129:  Line ends in whitespace.  Consider deleting these extra spaces.  [whitespace/end_of_line] [4]
./libdoipcommon/src/DoIPGenericHeaderHandler.cpp:134:  Line ends in whitespace.  Consider deleting these extra spaces.  [whitespace/end_of_line] [4]
./libdoipcommon/src/DoIPGenericHeaderHandler.cpp:148:  Missing space before ( in switch(  [whitespace/parens] [5]
./libdoipcommon/src/DoIPGenericHeaderHandler.cpp:154:  Tab found; better to use spaces  [whitespace/tab] [1]
./libdoipcommon/src/DoIPGenericHeaderHandler.cpp:154:  Line ends in whitespace.  Consider deleting these extra spaces.  [whitespace/end_of_line] [4]
./libdoipcommon/src/DoIPGenericHeaderHandler.cpp:161:  Missing space before {  [whitespace/braces] [5]
./libdoipcommon/src/DoIPGenericHeaderHandler.cpp:184:  Line ends in whitespace.  Consider deleting these extra spaces.  [whitespace/end_of_line] [4]
./libdoipcommon/src/DoIPGenericHeaderHandler.cpp:192:  Lines should be <= 80 characters long  [whitespace/line_length] [2]
./libdoipcommon/src/DoIPGenericHeaderHandler.cpp:196:  Line ends in whitespace.  Consider deleting these extra spaces.  [whitespace/end_of_line] [4]
./libdoipcommon/src/DoIPGenericHeaderHandler.cpp:201:  Line ends in whitespace.  Consider deleting these extra spaces.  [whitespace/end_of_line] [4]
Done processing ./libdoipcommon/src/DoIPGenericHeaderHandler.cpp
Total errors found: 72
