./examples/exampleDoIPServer.cpp:0:  No copyright message found.  You should have a line: "Copyright [year] <Copyright Owner>"  [legal/copyright] [5]
./examples/exampleDoIPServer.cpp:3:  Found C++ system header after other header. Should be: exampleDoIPServer.h, c system, c++ system, other.  [build/include_order] [4]
./examples/exampleDoIPServer.cpp:4:  Found C++ system header after other header. Should be: exampleDoIPServer.h, c system, c++ system, other.  [build/include_order] [4]
./examples/exampleDoIPServer.cpp:5:  Found C++ system header after other header. Should be: exampleDoIPServer.h, c system, c++ system, other.  [build/include_order] [4]
./examples/exampleDoIPServer.cpp:7:  Do not use namespace using-directives.  Use using-declarations instead.  [build/namespaces] [5]
./examples/exampleDoIPServer.cpp:9:  Use int16/int64/etc, rather than the C type short  [runtime/int] [4]
./examples/exampleDoIPServer.cpp:22:  Lines should be <= 80 characters long  [whitespace/line_length] [2]
./examples/exampleDoIPServer.cpp:22:  Use int16/int64/etc, rather than the C type short  [runtime/int] [4]
./examples/exampleDoIPServer.cpp:24:  Missing space before ( in for(  [whitespace/parens] [5]
./examples/exampleDoIPServer.cpp:25:  Using C-style cast.  Use static_cast<int>(...) instead  [readability/casting] [4]
./examples/exampleDoIPServer.cpp:29:  Missing space before ( in if(  [whitespace/parens] [5]
./examples/exampleDoIPServer.cpp:31:  Lines should be <= 80 characters long  [whitespace/line_length] [2]
./examples/exampleDoIPServer.cpp:32:  Lines should be <= 80 characters long  [whitespace/line_length] [2]
./examples/exampleDoIPServer.cpp:36:  Lines should be <= 80 characters long  [whitespace/line_length] [2]
./examples/exampleDoIPServer.cpp:39:  Redundant blank line at the end of a code block should be deleted.  [whitespace/blank_line] [3]
./examples/exampleDoIPServer.cpp:49:  Use int16/int64/etc, rather than the C type short  [runtime/int] [4]
./examples/exampleDoIPServer.cpp:55:  Should have a space between // and comment  [whitespace/comments] [4]
./examples/exampleDoIPServer.cpp:68:  Should have a space between // and comment  [whitespace/comments] [4]
./examples/exampleDoIPServer.cpp:75:  Redundant blank line at the start of a code block should be deleted.  [whitespace/blank_line] [2]
./examples/exampleDoIPServer.cpp:76:  Missing space before ( in while(  [whitespace/parens] [5]
./examples/exampleDoIPServer.cpp:85:  Redundant blank line at the start of a code block should be deleted.  [whitespace/blank_line] [2]
./examples/exampleDoIPServer.cpp:88:  Missing space before ( in while(  [whitespace/parens] [5]
./examples/exampleDoIPServer.cpp:90:  Lines should be <= 80 characters long  [whitespace/line_length] [2]
./examples/exampleDoIPServer.cpp:93:  Missing space before ( in while(  [whitespace/parens] [5]
./examples/exampleDoIPServer.cpp:110:  Redundant blank line at the end of a code block should be deleted.  [whitespace/blank_line] [3]
Done processing ./examples/exampleDoIPServer.cpp
Total errors found: 25
