./libdoipclient/include/DoIPClient_h.h:0:  No copyright message found.  You should have a line: "Copyright [year] <Copyright Owner>"  [legal/copyright] [5]
./libdoipclient/include/DoIPClient_h.h:2:  #ifndef header guard has wrong style, please use: LIBDOIP_LIBDOIPCLIENT_INCLUDE_DOIPCLIENT_H_H_  [build/header_guard] [5]
./libdoipclient/include/DoIPClient_h.h:62:  #endif line should be "#endif  // LIBDOIP_LIBDOIPCLIENT_INCLUDE_DOIPCLIENT_H_H_"  [build/header_guard] [5]
./libdoipclient/include/DoIPClient_h.h:6:  Found C system header after C++ system header. Should be: DoIPClient_h.h, c system, c++ system, other.  [build/include_order] [4]
./libdoipclient/include/DoIPClient_h.h:8:  Found C system header after C++ system header. Should be: DoIPClient_h.h, c system, c++ system, other.  [build/include_order] [4]
./libdoipclient/include/DoIPClient_h.h:15:  Missing spaces around =  [whitespace/operators] [4]
./libdoipclient/include/DoIPClient_h.h:16:  Missing spaces around =  [whitespace/operators] [4]
./libdoipclient/include/DoIPClient_h.h:20:  Line ends in whitespace.  Consider deleting these extra spaces.  [whitespace/end_of_line] [4]
./libdoipclient/include/DoIPClient_h.h:20:  Redundant blank line at the start of a code block should be deleted.  [whitespace/blank_line] [2]
./libdoipclient/include/DoIPClient_h.h:21:  public: should be indented +1 space inside class DoIPClient  [whitespace/indent] [3]
./libdoipclient/include/DoIPClient_h.h:22:  Line ends in whitespace.  Consider deleting these extra spaces.  [whitespace/end_of_line] [4]
./libdoipclient/include/DoIPClient_h.h:29:  Lines should be <= 80 characters long  [whitespace/line_length] [2]
./libdoipclient/include/DoIPClient_h.h:39:  Line ends in whitespace.  Consider deleting these extra spaces.  [whitespace/end_of_line] [4]
./libdoipclient/include/DoIPClient_h.h:40:  private: should be indented +1 space inside class DoIPClient  [whitespace/indent] [3]
./libdoipclient/include/DoIPClient_h.h:44:  Line ends in whitespace.  Consider deleting these extra spaces.  [whitespace/end_of_line] [4]
./libdoipclient/include/DoIPClient_h.h:45:  Extra space before [  [whitespace/braces] [5]
./libdoipclient/include/DoIPClient_h.h:46:  Line ends in whitespace.  Consider deleting these extra spaces.  [whitespace/end_of_line] [4]
./libdoipclient/include/DoIPClient_h.h:47:  Extra space before [  [whitespace/braces] [5]
./libdoipclient/include/DoIPClient_h.h:48:  Extra space before [  [whitespace/braces] [5]
./libdoipclient/include/DoIPClient_h.h:49:  Extra space before [  [whitespace/braces] [5]
./libdoipclient/include/DoIPClient_h.h:50:  Extra space before [  [whitespace/braces] [5]
./libdoipclient/include/DoIPClient_h.h:52:  Line ends in whitespace.  Consider deleting these extra spaces.  [whitespace/end_of_line] [4]
./libdoipclient/include/DoIPClient_h.h:56:  Line ends in whitespace.  Consider deleting these extra spaces.  [whitespace/end_of_line] [4]
./libdoipclient/include/DoIPClient_h.h:54:  Add #include <utility> for pair<>  [build/include_what_you_use] [4]
Done processing ./libdoipclient/include/DoIPClient_h.h
Total errors found: 24
